2024-04-20 22:14:33,254 [Worker-3: Loading available Gradle versions] INFO  o.e.b.c.i.u.g.PublishedGradleVersions - Gradle version information cache is up-to-date. Trying to read.
2024-04-21 21:06:43,657 [Worker-2: Loading available Gradle versions] INFO  o.e.b.c.i.u.g.PublishedGradleVersions - Gradle version information cache is up-to-date. Trying to read.
2024-04-23 15:15:47,280 [Worker-2: Loading available Gradle versions] INFO  o.e.b.c.i.u.g.PublishedGradleVersions - Gradle version information cache is out-of-date. Trying to update.
2024-04-24 10:40:20,151 [Worker-2: Loading available Gradle versions] INFO  o.e.b.c.i.u.g.PublishedGradleVersions - Gradle version information cache is up-to-date. Trying to read.
2024-04-26 12:49:03,884 [Worker-1: Loading available Gradle versions] INFO  o.e.b.c.i.u.g.PublishedGradleVersions - Gradle version information cache is out-of-date. Trying to update.
2024-05-07 15:22:33,482 [Worker-1: Loading available Gradle versions] INFO  o.e.b.c.i.u.g.PublishedGradleVersions - Gradle version information cache is out-of-date. Trying to update.
2024-05-08 10:18:29,603 [Worker-2: Loading available Gradle versions] INFO  o.e.b.c.i.u.g.PublishedGradleVersions - Gradle version information cache is up-to-date. Trying to read.
2024-05-09 13:56:27,464 [ModalContext] INFO  o.e.m.c.i.e.AbstractTransferListenerAdapter - Downloading https://repo.maven.apache.org/maven2/org/apache/maven/archetypes/maven-archetype-quickstart/1.1/maven-archetype-quickstart-1.1.pom
2024-05-09 13:56:27,483 [ModalContext] INFO  o.e.m.c.i.e.AbstractTransferListenerAdapter - Downloaded https://repo.maven.apache.org/maven2/org/apache/maven/archetypes/maven-archetype-quickstart/1.1/maven-archetype-quickstart-1.1.pom
2024-05-09 13:56:27,571 [ModalContext] INFO  o.e.m.c.i.e.AbstractTransferListenerAdapter - Downloading https://repo.maven.apache.org/maven2/org/apache/maven/archetypes/maven-archetype-bundles/4/maven-archetype-bundles-4.pom
2024-05-09 13:56:27,584 [ModalContext] INFO  o.e.m.c.i.e.AbstractTransferListenerAdapter - Downloaded https://repo.maven.apache.org/maven2/org/apache/maven/archetypes/maven-archetype-bundles/4/maven-archetype-bundles-4.pom
2024-05-09 13:56:27,657 [ModalContext] INFO  o.e.m.c.i.e.AbstractTransferListenerAdapter - Downloading https://repo.maven.apache.org/maven2/org/apache/maven/archetype/maven-archetype/2.0-alpha-5/maven-archetype-2.0-alpha-5.pom
2024-05-09 13:56:27,673 [ModalContext] INFO  o.e.m.c.i.e.AbstractTransferListenerAdapter - Downloaded https://repo.maven.apache.org/maven2/org/apache/maven/archetype/maven-archetype/2.0-alpha-5/maven-archetype-2.0-alpha-5.pom
2024-05-09 13:56:27,807 [ModalContext] INFO  o.e.m.c.i.e.AbstractTransferListenerAdapter - Downloading https://repo.maven.apache.org/maven2/org/apache/maven/archetypes/maven-archetype-quickstart/1.1/maven-archetype-quickstart-1.1.jar
2024-05-09 13:56:27,815 [ModalContext] INFO  o.e.m.c.i.e.AbstractTransferListenerAdapter - Downloaded https://repo.maven.apache.org/maven2/org/apache/maven/archetypes/maven-archetype-quickstart/1.1/maven-archetype-quickstart-1.1.jar
2024-05-09 13:57:20,428 [Worker-230: Launching mavenrun-79af4305-123d-4bcc-a65b-67702cd9bdbc] INFO  o.eclipse.m2e.core.internal.Bundles - getClasspathEntries(Bundle=org.eclipse.m2e.maven.runtime_3.9.600.20231203-1234 [635])
2024-05-09 13:57:20,436 [Worker-230: Launching mavenrun-79af4305-123d-4bcc-a65b-67702cd9bdbc] INFO  o.eclipse.m2e.core.internal.Bundles - 	Entry: C:\Users\niket\.p2\pool\plugins\org.eclipse.m2e.maven.runtime_3.9.600.20231203-1234
2024-05-09 13:57:20,439 [Worker-230: Launching mavenrun-79af4305-123d-4bcc-a65b-67702cd9bdbc] INFO  o.eclipse.m2e.core.internal.Bundles - 	Entry: C:\Users\niket\.p2\pool\plugins\org.eclipse.m2e.maven.runtime_3.9.600.20231203-1234\jars\aopalliance-1.0.jar
2024-05-09 13:57:20,440 [Worker-230: Launching mavenrun-79af4305-123d-4bcc-a65b-67702cd9bdbc] INFO  o.eclipse.m2e.core.internal.Bundles - 	Entry: C:\Users\niket\.p2\pool\plugins\org.eclipse.m2e.maven.runtime_3.9.600.20231203-1234\jars\guice-5.1.0.jar
2024-05-09 13:57:20,441 [Worker-230: Launching mavenrun-79af4305-123d-4bcc-a65b-67702cd9bdbc] INFO  o.eclipse.m2e.core.internal.Bundles - 	Entry: C:\Users\niket\.p2\pool\plugins\org.eclipse.m2e.maven.runtime_3.9.600.20231203-1234\jars\httpclient-4.5.14.jar
2024-05-09 13:57:20,442 [Worker-230: Launching mavenrun-79af4305-123d-4bcc-a65b-67702cd9bdbc] INFO  o.eclipse.m2e.core.internal.Bundles - 	Entry: C:\Users\niket\.p2\pool\plugins\org.eclipse.m2e.maven.runtime_3.9.600.20231203-1234\jars\httpcore-4.4.16.jar
2024-05-09 13:57:20,443 [Worker-230: Launching mavenrun-79af4305-123d-4bcc-a65b-67702cd9bdbc] INFO  o.eclipse.m2e.core.internal.Bundles - 	Entry: C:\Users\niket\.p2\pool\plugins\org.eclipse.m2e.maven.runtime_3.9.600.20231203-1234\jars\jansi-2.4.0.jar
2024-05-09 13:57:20,444 [Worker-230: Launching mavenrun-79af4305-123d-4bcc-a65b-67702cd9bdbc] INFO  o.eclipse.m2e.core.internal.Bundles - 	Entry: C:\Users\niket\.p2\pool\plugins\org.eclipse.m2e.maven.runtime_3.9.600.20231203-1234\jars\jcl-over-slf4j-1.7.36.jar
2024-05-09 13:57:20,444 [Worker-230: Launching mavenrun-79af4305-123d-4bcc-a65b-67702cd9bdbc] INFO  o.eclipse.m2e.core.internal.Bundles - 	Entry: C:\Users\niket\.p2\pool\plugins\org.eclipse.m2e.maven.runtime_3.9.600.20231203-1234\jars\maven-artifact-3.9.6.jar
2024-05-09 13:57:20,445 [Worker-230: Launching mavenrun-79af4305-123d-4bcc-a65b-67702cd9bdbc] INFO  o.eclipse.m2e.core.internal.Bundles - 	Entry: C:\Users\niket\.p2\pool\plugins\org.eclipse.m2e.maven.runtime_3.9.600.20231203-1234\jars\maven-builder-support-3.9.6.jar
2024-05-09 13:57:20,446 [Worker-230: Launching mavenrun-79af4305-123d-4bcc-a65b-67702cd9bdbc] INFO  o.eclipse.m2e.core.internal.Bundles - 	Entry: C:\Users\niket\.p2\pool\plugins\org.eclipse.m2e.maven.runtime_3.9.600.20231203-1234\jars\maven-compat-3.9.6.jar
2024-05-09 13:57:20,446 [Worker-230: Launching mavenrun-79af4305-123d-4bcc-a65b-67702cd9bdbc] INFO  o.eclipse.m2e.core.internal.Bundles - 	Entry: C:\Users\niket\.p2\pool\plugins\org.eclipse.m2e.maven.runtime_3.9.600.20231203-1234\jars\maven-core-3.9.6.jar
2024-05-09 13:57:20,447 [Worker-230: Launching mavenrun-79af4305-123d-4bcc-a65b-67702cd9bdbc] INFO  o.eclipse.m2e.core.internal.Bundles - 	Entry: C:\Users\niket\.p2\pool\plugins\org.eclipse.m2e.maven.runtime_3.9.600.20231203-1234\jars\maven-embedder-3.9.6.jar
2024-05-09 13:57:20,451 [Worker-230: Launching mavenrun-79af4305-123d-4bcc-a65b-67702cd9bdbc] INFO  o.eclipse.m2e.core.internal.Bundles - 	Entry: C:\Users\niket\.p2\pool\plugins\org.eclipse.m2e.maven.runtime_3.9.600.20231203-1234\jars\maven-model-3.9.6.jar
2024-05-09 13:57:20,452 [Worker-230: Launching mavenrun-79af4305-123d-4bcc-a65b-67702cd9bdbc] INFO  o.eclipse.m2e.core.internal.Bundles - 	Entry: C:\Users\niket\.p2\pool\plugins\org.eclipse.m2e.maven.runtime_3.9.600.20231203-1234\jars\maven-model-builder-3.9.6.jar
2024-05-09 13:57:20,453 [Worker-230: Launching mavenrun-79af4305-123d-4bcc-a65b-67702cd9bdbc] INFO  o.eclipse.m2e.core.internal.Bundles - 	Entry: C:\Users\niket\.p2\pool\plugins\org.eclipse.m2e.maven.runtime_3.9.600.20231203-1234\jars\maven-plugin-api-3.9.6.jar
2024-05-09 13:57:20,453 [Worker-230: Launching mavenrun-79af4305-123d-4bcc-a65b-67702cd9bdbc] INFO  o.eclipse.m2e.core.internal.Bundles - 	Entry: C:\Users\niket\.p2\pool\plugins\org.eclipse.m2e.maven.runtime_3.9.600.20231203-1234\jars\maven-repository-metadata-3.9.6.jar
2024-05-09 13:57:20,454 [Worker-230: Launching mavenrun-79af4305-123d-4bcc-a65b-67702cd9bdbc] INFO  o.eclipse.m2e.core.internal.Bundles - 	Entry: C:\Users\niket\.p2\pool\plugins\org.eclipse.m2e.maven.runtime_3.9.600.20231203-1234\jars\maven-resolver-api-1.9.18.jar
2024-05-09 13:57:20,455 [Worker-230: Launching mavenrun-79af4305-123d-4bcc-a65b-67702cd9bdbc] INFO  o.eclipse.m2e.core.internal.Bundles - 	Entry: C:\Users\niket\.p2\pool\plugins\org.eclipse.m2e.maven.runtime_3.9.600.20231203-1234\jars\maven-resolver-connector-basic-1.9.18.jar
2024-05-09 13:57:20,455 [Worker-230: Launching mavenrun-79af4305-123d-4bcc-a65b-67702cd9bdbc] INFO  o.eclipse.m2e.core.internal.Bundles - 	Entry: C:\Users\niket\.p2\pool\plugins\org.eclipse.m2e.maven.runtime_3.9.600.20231203-1234\jars\maven-resolver-impl-1.9.18.jar
2024-05-09 13:57:20,456 [Worker-230: Launching mavenrun-79af4305-123d-4bcc-a65b-67702cd9bdbc] INFO  o.eclipse.m2e.core.internal.Bundles - 	Entry: C:\Users\niket\.p2\pool\plugins\org.eclipse.m2e.maven.runtime_3.9.600.20231203-1234\jars\maven-resolver-named-locks-1.9.18.jar
2024-05-09 13:57:20,457 [Worker-230: Launching mavenrun-79af4305-123d-4bcc-a65b-67702cd9bdbc] INFO  o.eclipse.m2e.core.internal.Bundles - 	Entry: C:\Users\niket\.p2\pool\plugins\org.eclipse.m2e.maven.runtime_3.9.600.20231203-1234\jars\maven-resolver-provider-3.9.6.jar
2024-05-09 13:57:20,457 [Worker-230: Launching mavenrun-79af4305-123d-4bcc-a65b-67702cd9bdbc] INFO  o.eclipse.m2e.core.internal.Bundles - 	Entry: C:\Users\niket\.p2\pool\plugins\org.eclipse.m2e.maven.runtime_3.9.600.20231203-1234\jars\maven-resolver-spi-1.9.18.jar
2024-05-09 13:57:20,458 [Worker-230: Launching mavenrun-79af4305-123d-4bcc-a65b-67702cd9bdbc] INFO  o.eclipse.m2e.core.internal.Bundles - 	Entry: C:\Users\niket\.p2\pool\plugins\org.eclipse.m2e.maven.runtime_3.9.600.20231203-1234\jars\maven-resolver-transport-file-1.9.18.jar
2024-05-09 13:57:20,458 [Worker-230: Launching mavenrun-79af4305-123d-4bcc-a65b-67702cd9bdbc] INFO  o.eclipse.m2e.core.internal.Bundles - 	Entry: C:\Users\niket\.p2\pool\plugins\org.eclipse.m2e.maven.runtime_3.9.600.20231203-1234\jars\maven-resolver-transport-http-1.9.18.jar
2024-05-09 13:57:20,459 [Worker-230: Launching mavenrun-79af4305-123d-4bcc-a65b-67702cd9bdbc] INFO  o.eclipse.m2e.core.internal.Bundles - 	Entry: C:\Users\niket\.p2\pool\plugins\org.eclipse.m2e.maven.runtime_3.9.600.20231203-1234\jars\maven-resolver-transport-wagon-1.9.18.jar
2024-05-09 13:57:20,460 [Worker-230: Launching mavenrun-79af4305-123d-4bcc-a65b-67702cd9bdbc] INFO  o.eclipse.m2e.core.internal.Bundles - 	Entry: C:\Users\niket\.p2\pool\plugins\org.eclipse.m2e.maven.runtime_3.9.600.20231203-1234\jars\maven-resolver-util-1.9.18.jar
2024-05-09 13:57:20,461 [Worker-230: Launching mavenrun-79af4305-123d-4bcc-a65b-67702cd9bdbc] INFO  o.eclipse.m2e.core.internal.Bundles - 	Entry: C:\Users\niket\.p2\pool\plugins\org.eclipse.m2e.maven.runtime_3.9.600.20231203-1234\jars\maven-settings-3.9.6.jar
2024-05-09 13:57:20,462 [Worker-230: Launching mavenrun-79af4305-123d-4bcc-a65b-67702cd9bdbc] INFO  o.eclipse.m2e.core.internal.Bundles - 	Entry: C:\Users\niket\.p2\pool\plugins\org.eclipse.m2e.maven.runtime_3.9.600.20231203-1234\jars\maven-settings-builder-3.9.6.jar
2024-05-09 13:57:20,462 [Worker-230: Launching mavenrun-79af4305-123d-4bcc-a65b-67702cd9bdbc] INFO  o.eclipse.m2e.core.internal.Bundles - 	Entry: C:\Users\niket\.p2\pool\plugins\org.eclipse.m2e.maven.runtime_3.9.600.20231203-1234\jars\maven-shared-utils-3.3.4.jar
2024-05-09 13:57:20,463 [Worker-230: Launching mavenrun-79af4305-123d-4bcc-a65b-67702cd9bdbc] INFO  o.eclipse.m2e.core.internal.Bundles - 	Entry: C:\Users\niket\.p2\pool\plugins\org.eclipse.m2e.maven.runtime_3.9.600.20231203-1234\jars\org.eclipse.sisu.inject-0.9.0.M2.jar
2024-05-09 13:57:20,469 [Worker-230: Launching mavenrun-79af4305-123d-4bcc-a65b-67702cd9bdbc] INFO  o.eclipse.m2e.core.internal.Bundles - 	Entry: C:\Users\niket\.p2\pool\plugins\org.eclipse.m2e.maven.runtime_3.9.600.20231203-1234\jars\org.eclipse.sisu.plexus-0.9.0.M2.jar
2024-05-09 13:57:20,470 [Worker-230: Launching mavenrun-79af4305-123d-4bcc-a65b-67702cd9bdbc] INFO  o.eclipse.m2e.core.internal.Bundles - 	Entry: C:\Users\niket\.p2\pool\plugins\org.eclipse.m2e.maven.runtime_3.9.600.20231203-1234\jars\plexus-build-api-0.0.7.jar
2024-05-09 13:57:20,471 [Worker-230: Launching mavenrun-79af4305-123d-4bcc-a65b-67702cd9bdbc] INFO  o.eclipse.m2e.core.internal.Bundles - 	Entry: C:\Users\niket\.p2\pool\plugins\org.eclipse.m2e.maven.runtime_3.9.600.20231203-1234\jars\plexus-cipher-2.0.jar
2024-05-09 13:57:20,471 [Worker-230: Launching mavenrun-79af4305-123d-4bcc-a65b-67702cd9bdbc] INFO  o.eclipse.m2e.core.internal.Bundles - 	Entry: C:\Users\niket\.p2\pool\plugins\org.eclipse.m2e.maven.runtime_3.9.600.20231203-1234\jars\plexus-classworlds-2.7.0.jar
2024-05-09 13:57:20,472 [Worker-230: Launching mavenrun-79af4305-123d-4bcc-a65b-67702cd9bdbc] INFO  o.eclipse.m2e.core.internal.Bundles - 	Entry: C:\Users\niket\.p2\pool\plugins\org.eclipse.m2e.maven.runtime_3.9.600.20231203-1234\jars\plexus-component-annotations-2.1.0.jar
2024-05-09 13:57:20,473 [Worker-230: Launching mavenrun-79af4305-123d-4bcc-a65b-67702cd9bdbc] INFO  o.eclipse.m2e.core.internal.Bundles - 	Entry: C:\Users\niket\.p2\pool\plugins\org.eclipse.m2e.maven.runtime_3.9.600.20231203-1234\jars\plexus-interpolation-1.26.jar
2024-05-09 13:57:20,473 [Worker-230: Launching mavenrun-79af4305-123d-4bcc-a65b-67702cd9bdbc] INFO  o.eclipse.m2e.core.internal.Bundles - 	Entry: C:\Users\niket\.p2\pool\plugins\org.eclipse.m2e.maven.runtime_3.9.600.20231203-1234\jars\plexus-sec-dispatcher-2.0.jar
2024-05-09 13:57:20,474 [Worker-230: Launching mavenrun-79af4305-123d-4bcc-a65b-67702cd9bdbc] INFO  o.eclipse.m2e.core.internal.Bundles - 	Entry: C:\Users\niket\.p2\pool\plugins\org.eclipse.m2e.maven.runtime_3.9.600.20231203-1234\jars\plexus-utils-3.5.1.jar
2024-05-09 13:57:20,474 [Worker-230: Launching mavenrun-79af4305-123d-4bcc-a65b-67702cd9bdbc] INFO  o.eclipse.m2e.core.internal.Bundles - 	Entry: C:\Users\niket\.p2\pool\plugins\org.eclipse.m2e.maven.runtime_3.9.600.20231203-1234\jars\wagon-file-3.5.3.jar
2024-05-09 13:57:20,475 [Worker-230: Launching mavenrun-79af4305-123d-4bcc-a65b-67702cd9bdbc] INFO  o.eclipse.m2e.core.internal.Bundles - 	Entry: C:\Users\niket\.p2\pool\plugins\org.eclipse.m2e.maven.runtime_3.9.600.20231203-1234\jars\wagon-http-3.5.3.jar
2024-05-09 13:57:20,476 [Worker-230: Launching mavenrun-79af4305-123d-4bcc-a65b-67702cd9bdbc] INFO  o.eclipse.m2e.core.internal.Bundles - 	Entry: C:\Users\niket\.p2\pool\plugins\org.eclipse.m2e.maven.runtime_3.9.600.20231203-1234\jars\wagon-http-shared-3.5.3.jar
2024-05-09 13:57:20,478 [Worker-230: Launching mavenrun-79af4305-123d-4bcc-a65b-67702cd9bdbc] INFO  o.eclipse.m2e.core.internal.Bundles - 	Entry: C:\Users\niket\.p2\pool\plugins\org.eclipse.m2e.maven.runtime_3.9.600.20231203-1234\jars\wagon-provider-api-3.5.3.jar
2024-05-09 13:57:20,486 [Worker-230: Launching mavenrun-79af4305-123d-4bcc-a65b-67702cd9bdbc] INFO  o.eclipse.m2e.core.internal.Bundles - getClasspathEntries(Bundle=com.google.guava_33.0.0.jre [14])
2024-05-09 13:57:20,488 [Worker-230: Launching mavenrun-79af4305-123d-4bcc-a65b-67702cd9bdbc] INFO  o.eclipse.m2e.core.internal.Bundles - 	Entry: C:\Users\niket\.p2\pool\plugins\com.google.guava_33.0.0.jre.jar
2024-05-09 13:57:20,489 [Worker-230: Launching mavenrun-79af4305-123d-4bcc-a65b-67702cd9bdbc] INFO  o.eclipse.m2e.core.internal.Bundles - getClasspathEntries(Bundle=slf4j.api_2.0.12 [998])
2024-05-09 13:57:20,490 [Worker-230: Launching mavenrun-79af4305-123d-4bcc-a65b-67702cd9bdbc] INFO  o.eclipse.m2e.core.internal.Bundles - 	Entry: C:\Users\niket\.p2\pool\plugins\slf4j.api_2.0.12.jar
2024-05-09 13:57:20,490 [Worker-230: Launching mavenrun-79af4305-123d-4bcc-a65b-67702cd9bdbc] INFO  o.eclipse.m2e.core.internal.Bundles - getClasspathEntries(Bundle=jakarta.inject.jakarta.inject-api_1.0.5 [32])
2024-05-09 13:57:20,493 [Worker-230: Launching mavenrun-79af4305-123d-4bcc-a65b-67702cd9bdbc] INFO  o.eclipse.m2e.core.internal.Bundles - 	Entry: C:\Users\niket\.p2\pool\plugins\jakarta.inject.jakarta.inject-api_1.0.5.jar
2024-05-09 13:57:20,494 [Worker-230: Launching mavenrun-79af4305-123d-4bcc-a65b-67702cd9bdbc] INFO  o.eclipse.m2e.core.internal.Bundles - getClasspathEntries(Bundle=jakarta.annotation-api_1.3.5 [27])
2024-05-09 13:57:20,495 [Worker-230: Launching mavenrun-79af4305-123d-4bcc-a65b-67702cd9bdbc] INFO  o.eclipse.m2e.core.internal.Bundles - 	Entry: C:\Users\niket\.p2\pool\plugins\jakarta.annotation-api_1.3.5.jar
2024-05-09 13:57:20,495 [Worker-230: Launching mavenrun-79af4305-123d-4bcc-a65b-67702cd9bdbc] INFO  o.eclipse.m2e.core.internal.Bundles - getClasspathEntries(Bundle=org.apache.commons.cli_1.6.0 [75])
2024-05-09 13:57:20,496 [Worker-230: Launching mavenrun-79af4305-123d-4bcc-a65b-67702cd9bdbc] INFO  o.eclipse.m2e.core.internal.Bundles - 	Entry: C:\Users\niket\.p2\pool\plugins\org.apache.commons.cli_1.6.0.jar
2024-05-09 13:57:20,497 [Worker-230: Launching mavenrun-79af4305-123d-4bcc-a65b-67702cd9bdbc] INFO  o.eclipse.m2e.core.internal.Bundles - getClasspathEntries(Bundle=org.apache.commons.commons-codec_1.16.0 [78])
2024-05-09 13:57:20,500 [Worker-230: Launching mavenrun-79af4305-123d-4bcc-a65b-67702cd9bdbc] INFO  o.eclipse.m2e.core.internal.Bundles - 	Entry: C:\Users\niket\.p2\pool\plugins\org.apache.commons.commons-codec_1.16.0.jar
2024-05-09 13:57:20,501 [Worker-230: Launching mavenrun-79af4305-123d-4bcc-a65b-67702cd9bdbc] INFO  o.eclipse.m2e.core.internal.Bundles - getClasspathEntries(Bundle=org.apache.commons.lang3_3.14.0 [86])
2024-05-09 13:57:20,505 [Worker-230: Launching mavenrun-79af4305-123d-4bcc-a65b-67702cd9bdbc] INFO  o.eclipse.m2e.core.internal.Bundles - 	Entry: C:\Users\niket\.p2\pool\plugins\org.apache.commons.lang3_3.14.0.jar
2024-05-09 13:57:20,505 [Worker-230: Launching mavenrun-79af4305-123d-4bcc-a65b-67702cd9bdbc] INFO  o.eclipse.m2e.core.internal.Bundles - getClasspathEntries(Bundle=com.google.guava.failureaccess_1.0.2 [15])
2024-05-09 13:57:20,507 [Worker-230: Launching mavenrun-79af4305-123d-4bcc-a65b-67702cd9bdbc] INFO  o.eclipse.m2e.core.internal.Bundles - 	Entry: C:\Users\niket\.p2\pool\plugins\com.google.guava.failureaccess_1.0.2.jar
2024-05-09 13:57:20,513 [Worker-230: Launching mavenrun-79af4305-123d-4bcc-a65b-67702cd9bdbc] INFO  o.e.m.i.launch.MavenLaunchDelegate - Run build in "C:\Users\niket\AppData\Local\Temp\m2e-archetypeGenerator14295288706731727870":
2024-05-09 13:57:20,520 [Worker-230: Launching mavenrun-79af4305-123d-4bcc-a65b-67702cd9bdbc] INFO  o.e.m.i.launch.MavenLaunchDelegate -  mvn  -DarchetypeGroupId=org.apache.maven.archetypes -DarchetypeArtifactId=maven-archetype-quickstart -DarchetypeVersion=1.1 -DgroupId=com.techlabs -DartifactId=19-springboot-demo -Dversion=0.0.1-SNAPSHOT -Dpackage=com.techlabs._springboot_demo -DoutputDirectory="D:\swabhav training" -Dstyle.color=always -U archetype:generate
2024-05-09 13:59:02,135 [Worker-230: Launching mavenrun-070d7a9c-17a4-48e6-b6d9-4168174514fc] INFO  o.eclipse.m2e.core.internal.Bundles - getClasspathEntries(Bundle=org.eclipse.m2e.maven.runtime_3.9.600.20231203-1234 [635])
2024-05-09 13:59:02,137 [Worker-230: Launching mavenrun-070d7a9c-17a4-48e6-b6d9-4168174514fc] INFO  o.eclipse.m2e.core.internal.Bundles - 	Entry: C:\Users\niket\.p2\pool\plugins\org.eclipse.m2e.maven.runtime_3.9.600.20231203-1234
2024-05-09 13:59:02,138 [Worker-230: Launching mavenrun-070d7a9c-17a4-48e6-b6d9-4168174514fc] INFO  o.eclipse.m2e.core.internal.Bundles - 	Entry: C:\Users\niket\.p2\pool\plugins\org.eclipse.m2e.maven.runtime_3.9.600.20231203-1234\jars\aopalliance-1.0.jar
2024-05-09 13:59:02,139 [Worker-230: Launching mavenrun-070d7a9c-17a4-48e6-b6d9-4168174514fc] INFO  o.eclipse.m2e.core.internal.Bundles - 	Entry: C:\Users\niket\.p2\pool\plugins\org.eclipse.m2e.maven.runtime_3.9.600.20231203-1234\jars\guice-5.1.0.jar
2024-05-09 13:59:02,140 [Worker-230: Launching mavenrun-070d7a9c-17a4-48e6-b6d9-4168174514fc] INFO  o.eclipse.m2e.core.internal.Bundles - 	Entry: C:\Users\niket\.p2\pool\plugins\org.eclipse.m2e.maven.runtime_3.9.600.20231203-1234\jars\httpclient-4.5.14.jar
2024-05-09 13:59:02,140 [Worker-230: Launching mavenrun-070d7a9c-17a4-48e6-b6d9-4168174514fc] INFO  o.eclipse.m2e.core.internal.Bundles - 	Entry: C:\Users\niket\.p2\pool\plugins\org.eclipse.m2e.maven.runtime_3.9.600.20231203-1234\jars\httpcore-4.4.16.jar
2024-05-09 13:59:02,141 [Worker-230: Launching mavenrun-070d7a9c-17a4-48e6-b6d9-4168174514fc] INFO  o.eclipse.m2e.core.internal.Bundles - 	Entry: C:\Users\niket\.p2\pool\plugins\org.eclipse.m2e.maven.runtime_3.9.600.20231203-1234\jars\jansi-2.4.0.jar
2024-05-09 13:59:02,141 [Worker-230: Launching mavenrun-070d7a9c-17a4-48e6-b6d9-4168174514fc] INFO  o.eclipse.m2e.core.internal.Bundles - 	Entry: C:\Users\niket\.p2\pool\plugins\org.eclipse.m2e.maven.runtime_3.9.600.20231203-1234\jars\jcl-over-slf4j-1.7.36.jar
2024-05-09 13:59:02,141 [Worker-230: Launching mavenrun-070d7a9c-17a4-48e6-b6d9-4168174514fc] INFO  o.eclipse.m2e.core.internal.Bundles - 	Entry: C:\Users\niket\.p2\pool\plugins\org.eclipse.m2e.maven.runtime_3.9.600.20231203-1234\jars\maven-artifact-3.9.6.jar
2024-05-09 13:59:02,142 [Worker-230: Launching mavenrun-070d7a9c-17a4-48e6-b6d9-4168174514fc] INFO  o.eclipse.m2e.core.internal.Bundles - 	Entry: C:\Users\niket\.p2\pool\plugins\org.eclipse.m2e.maven.runtime_3.9.600.20231203-1234\jars\maven-builder-support-3.9.6.jar
2024-05-09 13:59:02,142 [Worker-230: Launching mavenrun-070d7a9c-17a4-48e6-b6d9-4168174514fc] INFO  o.eclipse.m2e.core.internal.Bundles - 	Entry: C:\Users\niket\.p2\pool\plugins\org.eclipse.m2e.maven.runtime_3.9.600.20231203-1234\jars\maven-compat-3.9.6.jar
2024-05-09 13:59:02,142 [Worker-230: Launching mavenrun-070d7a9c-17a4-48e6-b6d9-4168174514fc] INFO  o.eclipse.m2e.core.internal.Bundles - 	Entry: C:\Users\niket\.p2\pool\plugins\org.eclipse.m2e.maven.runtime_3.9.600.20231203-1234\jars\maven-core-3.9.6.jar
2024-05-09 13:59:02,143 [Worker-230: Launching mavenrun-070d7a9c-17a4-48e6-b6d9-4168174514fc] INFO  o.eclipse.m2e.core.internal.Bundles - 	Entry: C:\Users\niket\.p2\pool\plugins\org.eclipse.m2e.maven.runtime_3.9.600.20231203-1234\jars\maven-embedder-3.9.6.jar
2024-05-09 13:59:02,143 [Worker-230: Launching mavenrun-070d7a9c-17a4-48e6-b6d9-4168174514fc] INFO  o.eclipse.m2e.core.internal.Bundles - 	Entry: C:\Users\niket\.p2\pool\plugins\org.eclipse.m2e.maven.runtime_3.9.600.20231203-1234\jars\maven-model-3.9.6.jar
2024-05-09 13:59:02,143 [Worker-230: Launching mavenrun-070d7a9c-17a4-48e6-b6d9-4168174514fc] INFO  o.eclipse.m2e.core.internal.Bundles - 	Entry: C:\Users\niket\.p2\pool\plugins\org.eclipse.m2e.maven.runtime_3.9.600.20231203-1234\jars\maven-model-builder-3.9.6.jar
2024-05-09 13:59:02,144 [Worker-230: Launching mavenrun-070d7a9c-17a4-48e6-b6d9-4168174514fc] INFO  o.eclipse.m2e.core.internal.Bundles - 	Entry: C:\Users\niket\.p2\pool\plugins\org.eclipse.m2e.maven.runtime_3.9.600.20231203-1234\jars\maven-plugin-api-3.9.6.jar
2024-05-09 13:59:02,145 [Worker-230: Launching mavenrun-070d7a9c-17a4-48e6-b6d9-4168174514fc] INFO  o.eclipse.m2e.core.internal.Bundles - 	Entry: C:\Users\niket\.p2\pool\plugins\org.eclipse.m2e.maven.runtime_3.9.600.20231203-1234\jars\maven-repository-metadata-3.9.6.jar
2024-05-09 13:59:02,145 [Worker-230: Launching mavenrun-070d7a9c-17a4-48e6-b6d9-4168174514fc] INFO  o.eclipse.m2e.core.internal.Bundles - 	Entry: C:\Users\niket\.p2\pool\plugins\org.eclipse.m2e.maven.runtime_3.9.600.20231203-1234\jars\maven-resolver-api-1.9.18.jar
2024-05-09 13:59:02,146 [Worker-230: Launching mavenrun-070d7a9c-17a4-48e6-b6d9-4168174514fc] INFO  o.eclipse.m2e.core.internal.Bundles - 	Entry: C:\Users\niket\.p2\pool\plugins\org.eclipse.m2e.maven.runtime_3.9.600.20231203-1234\jars\maven-resolver-connector-basic-1.9.18.jar
2024-05-09 13:59:02,146 [Worker-230: Launching mavenrun-070d7a9c-17a4-48e6-b6d9-4168174514fc] INFO  o.eclipse.m2e.core.internal.Bundles - 	Entry: C:\Users\niket\.p2\pool\plugins\org.eclipse.m2e.maven.runtime_3.9.600.20231203-1234\jars\maven-resolver-impl-1.9.18.jar
2024-05-09 13:59:02,146 [Worker-230: Launching mavenrun-070d7a9c-17a4-48e6-b6d9-4168174514fc] INFO  o.eclipse.m2e.core.internal.Bundles - 	Entry: C:\Users\niket\.p2\pool\plugins\org.eclipse.m2e.maven.runtime_3.9.600.20231203-1234\jars\maven-resolver-named-locks-1.9.18.jar
2024-05-09 13:59:02,146 [Worker-230: Launching mavenrun-070d7a9c-17a4-48e6-b6d9-4168174514fc] INFO  o.eclipse.m2e.core.internal.Bundles - 	Entry: C:\Users\niket\.p2\pool\plugins\org.eclipse.m2e.maven.runtime_3.9.600.20231203-1234\jars\maven-resolver-provider-3.9.6.jar
2024-05-09 13:59:02,147 [Worker-230: Launching mavenrun-070d7a9c-17a4-48e6-b6d9-4168174514fc] INFO  o.eclipse.m2e.core.internal.Bundles - 	Entry: C:\Users\niket\.p2\pool\plugins\org.eclipse.m2e.maven.runtime_3.9.600.20231203-1234\jars\maven-resolver-spi-1.9.18.jar
2024-05-09 13:59:02,147 [Worker-230: Launching mavenrun-070d7a9c-17a4-48e6-b6d9-4168174514fc] INFO  o.eclipse.m2e.core.internal.Bundles - 	Entry: C:\Users\niket\.p2\pool\plugins\org.eclipse.m2e.maven.runtime_3.9.600.20231203-1234\jars\maven-resolver-transport-file-1.9.18.jar
2024-05-09 13:59:02,147 [Worker-230: Launching mavenrun-070d7a9c-17a4-48e6-b6d9-4168174514fc] INFO  o.eclipse.m2e.core.internal.Bundles - 	Entry: C:\Users\niket\.p2\pool\plugins\org.eclipse.m2e.maven.runtime_3.9.600.20231203-1234\jars\maven-resolver-transport-http-1.9.18.jar
2024-05-09 13:59:02,148 [Worker-230: Launching mavenrun-070d7a9c-17a4-48e6-b6d9-4168174514fc] INFO  o.eclipse.m2e.core.internal.Bundles - 	Entry: C:\Users\niket\.p2\pool\plugins\org.eclipse.m2e.maven.runtime_3.9.600.20231203-1234\jars\maven-resolver-transport-wagon-1.9.18.jar
2024-05-09 13:59:02,148 [Worker-230: Launching mavenrun-070d7a9c-17a4-48e6-b6d9-4168174514fc] INFO  o.eclipse.m2e.core.internal.Bundles - 	Entry: C:\Users\niket\.p2\pool\plugins\org.eclipse.m2e.maven.runtime_3.9.600.20231203-1234\jars\maven-resolver-util-1.9.18.jar
2024-05-09 13:59:02,148 [Worker-230: Launching mavenrun-070d7a9c-17a4-48e6-b6d9-4168174514fc] INFO  o.eclipse.m2e.core.internal.Bundles - 	Entry: C:\Users\niket\.p2\pool\plugins\org.eclipse.m2e.maven.runtime_3.9.600.20231203-1234\jars\maven-settings-3.9.6.jar
2024-05-09 13:59:02,149 [Worker-230: Launching mavenrun-070d7a9c-17a4-48e6-b6d9-4168174514fc] INFO  o.eclipse.m2e.core.internal.Bundles - 	Entry: C:\Users\niket\.p2\pool\plugins\org.eclipse.m2e.maven.runtime_3.9.600.20231203-1234\jars\maven-settings-builder-3.9.6.jar
2024-05-09 13:59:02,149 [Worker-230: Launching mavenrun-070d7a9c-17a4-48e6-b6d9-4168174514fc] INFO  o.eclipse.m2e.core.internal.Bundles - 	Entry: C:\Users\niket\.p2\pool\plugins\org.eclipse.m2e.maven.runtime_3.9.600.20231203-1234\jars\maven-shared-utils-3.3.4.jar
2024-05-09 13:59:02,149 [Worker-230: Launching mavenrun-070d7a9c-17a4-48e6-b6d9-4168174514fc] INFO  o.eclipse.m2e.core.internal.Bundles - 	Entry: C:\Users\niket\.p2\pool\plugins\org.eclipse.m2e.maven.runtime_3.9.600.20231203-1234\jars\org.eclipse.sisu.inject-0.9.0.M2.jar
2024-05-09 13:59:02,149 [Worker-230: Launching mavenrun-070d7a9c-17a4-48e6-b6d9-4168174514fc] INFO  o.eclipse.m2e.core.internal.Bundles - 	Entry: C:\Users\niket\.p2\pool\plugins\org.eclipse.m2e.maven.runtime_3.9.600.20231203-1234\jars\org.eclipse.sisu.plexus-0.9.0.M2.jar
2024-05-09 13:59:02,150 [Worker-230: Launching mavenrun-070d7a9c-17a4-48e6-b6d9-4168174514fc] INFO  o.eclipse.m2e.core.internal.Bundles - 	Entry: C:\Users\niket\.p2\pool\plugins\org.eclipse.m2e.maven.runtime_3.9.600.20231203-1234\jars\plexus-build-api-0.0.7.jar
2024-05-09 13:59:02,150 [Worker-230: Launching mavenrun-070d7a9c-17a4-48e6-b6d9-4168174514fc] INFO  o.eclipse.m2e.core.internal.Bundles - 	Entry: C:\Users\niket\.p2\pool\plugins\org.eclipse.m2e.maven.runtime_3.9.600.20231203-1234\jars\plexus-cipher-2.0.jar
2024-05-09 13:59:02,150 [Worker-230: Launching mavenrun-070d7a9c-17a4-48e6-b6d9-4168174514fc] INFO  o.eclipse.m2e.core.internal.Bundles - 	Entry: C:\Users\niket\.p2\pool\plugins\org.eclipse.m2e.maven.runtime_3.9.600.20231203-1234\jars\plexus-classworlds-2.7.0.jar
2024-05-09 13:59:02,151 [Worker-230: Launching mavenrun-070d7a9c-17a4-48e6-b6d9-4168174514fc] INFO  o.eclipse.m2e.core.internal.Bundles - 	Entry: C:\Users\niket\.p2\pool\plugins\org.eclipse.m2e.maven.runtime_3.9.600.20231203-1234\jars\plexus-component-annotations-2.1.0.jar
2024-05-09 13:59:02,151 [Worker-230: Launching mavenrun-070d7a9c-17a4-48e6-b6d9-4168174514fc] INFO  o.eclipse.m2e.core.internal.Bundles - 	Entry: C:\Users\niket\.p2\pool\plugins\org.eclipse.m2e.maven.runtime_3.9.600.20231203-1234\jars\plexus-interpolation-1.26.jar
2024-05-09 13:59:02,151 [Worker-230: Launching mavenrun-070d7a9c-17a4-48e6-b6d9-4168174514fc] INFO  o.eclipse.m2e.core.internal.Bundles - 	Entry: C:\Users\niket\.p2\pool\plugins\org.eclipse.m2e.maven.runtime_3.9.600.20231203-1234\jars\plexus-sec-dispatcher-2.0.jar
2024-05-09 13:59:02,151 [Worker-230: Launching mavenrun-070d7a9c-17a4-48e6-b6d9-4168174514fc] INFO  o.eclipse.m2e.core.internal.Bundles - 	Entry: C:\Users\niket\.p2\pool\plugins\org.eclipse.m2e.maven.runtime_3.9.600.20231203-1234\jars\plexus-utils-3.5.1.jar
2024-05-09 13:59:02,152 [Worker-230: Launching mavenrun-070d7a9c-17a4-48e6-b6d9-4168174514fc] INFO  o.eclipse.m2e.core.internal.Bundles - 	Entry: C:\Users\niket\.p2\pool\plugins\org.eclipse.m2e.maven.runtime_3.9.600.20231203-1234\jars\wagon-file-3.5.3.jar
2024-05-09 13:59:02,152 [Worker-230: Launching mavenrun-070d7a9c-17a4-48e6-b6d9-4168174514fc] INFO  o.eclipse.m2e.core.internal.Bundles - 	Entry: C:\Users\niket\.p2\pool\plugins\org.eclipse.m2e.maven.runtime_3.9.600.20231203-1234\jars\wagon-http-3.5.3.jar
2024-05-09 13:59:02,153 [Worker-230: Launching mavenrun-070d7a9c-17a4-48e6-b6d9-4168174514fc] INFO  o.eclipse.m2e.core.internal.Bundles - 	Entry: C:\Users\niket\.p2\pool\plugins\org.eclipse.m2e.maven.runtime_3.9.600.20231203-1234\jars\wagon-http-shared-3.5.3.jar
2024-05-09 13:59:02,153 [Worker-230: Launching mavenrun-070d7a9c-17a4-48e6-b6d9-4168174514fc] INFO  o.eclipse.m2e.core.internal.Bundles - 	Entry: C:\Users\niket\.p2\pool\plugins\org.eclipse.m2e.maven.runtime_3.9.600.20231203-1234\jars\wagon-provider-api-3.5.3.jar
2024-05-09 13:59:02,154 [Worker-230: Launching mavenrun-070d7a9c-17a4-48e6-b6d9-4168174514fc] INFO  o.eclipse.m2e.core.internal.Bundles - getClasspathEntries(Bundle=com.google.guava_33.0.0.jre [14])
2024-05-09 13:59:02,154 [Worker-230: Launching mavenrun-070d7a9c-17a4-48e6-b6d9-4168174514fc] INFO  o.eclipse.m2e.core.internal.Bundles - 	Entry: C:\Users\niket\.p2\pool\plugins\com.google.guava_33.0.0.jre.jar
2024-05-09 13:59:02,155 [Worker-230: Launching mavenrun-070d7a9c-17a4-48e6-b6d9-4168174514fc] INFO  o.eclipse.m2e.core.internal.Bundles - getClasspathEntries(Bundle=slf4j.api_2.0.12 [998])
2024-05-09 13:59:02,155 [Worker-230: Launching mavenrun-070d7a9c-17a4-48e6-b6d9-4168174514fc] INFO  o.eclipse.m2e.core.internal.Bundles - 	Entry: C:\Users\niket\.p2\pool\plugins\slf4j.api_2.0.12.jar
2024-05-09 13:59:02,156 [Worker-230: Launching mavenrun-070d7a9c-17a4-48e6-b6d9-4168174514fc] INFO  o.eclipse.m2e.core.internal.Bundles - getClasspathEntries(Bundle=jakarta.inject.jakarta.inject-api_1.0.5 [32])
2024-05-09 13:59:02,156 [Worker-230: Launching mavenrun-070d7a9c-17a4-48e6-b6d9-4168174514fc] INFO  o.eclipse.m2e.core.internal.Bundles - 	Entry: C:\Users\niket\.p2\pool\plugins\jakarta.inject.jakarta.inject-api_1.0.5.jar
2024-05-09 13:59:02,156 [Worker-230: Launching mavenrun-070d7a9c-17a4-48e6-b6d9-4168174514fc] INFO  o.eclipse.m2e.core.internal.Bundles - getClasspathEntries(Bundle=jakarta.annotation-api_1.3.5 [27])
2024-05-09 13:59:02,157 [Worker-230: Launching mavenrun-070d7a9c-17a4-48e6-b6d9-4168174514fc] INFO  o.eclipse.m2e.core.internal.Bundles - 	Entry: C:\Users\niket\.p2\pool\plugins\jakarta.annotation-api_1.3.5.jar
2024-05-09 13:59:02,158 [Worker-230: Launching mavenrun-070d7a9c-17a4-48e6-b6d9-4168174514fc] INFO  o.eclipse.m2e.core.internal.Bundles - getClasspathEntries(Bundle=org.apache.commons.cli_1.6.0 [75])
2024-05-09 13:59:02,158 [Worker-230: Launching mavenrun-070d7a9c-17a4-48e6-b6d9-4168174514fc] INFO  o.eclipse.m2e.core.internal.Bundles - 	Entry: C:\Users\niket\.p2\pool\plugins\org.apache.commons.cli_1.6.0.jar
2024-05-09 13:59:02,159 [Worker-230: Launching mavenrun-070d7a9c-17a4-48e6-b6d9-4168174514fc] INFO  o.eclipse.m2e.core.internal.Bundles - getClasspathEntries(Bundle=org.apache.commons.commons-codec_1.16.0 [78])
2024-05-09 13:59:02,167 [Worker-230: Launching mavenrun-070d7a9c-17a4-48e6-b6d9-4168174514fc] INFO  o.eclipse.m2e.core.internal.Bundles - 	Entry: C:\Users\niket\.p2\pool\plugins\org.apache.commons.commons-codec_1.16.0.jar
2024-05-09 13:59:02,168 [Worker-230: Launching mavenrun-070d7a9c-17a4-48e6-b6d9-4168174514fc] INFO  o.eclipse.m2e.core.internal.Bundles - getClasspathEntries(Bundle=org.apache.commons.lang3_3.14.0 [86])
2024-05-09 13:59:02,170 [Worker-230: Launching mavenrun-070d7a9c-17a4-48e6-b6d9-4168174514fc] INFO  o.eclipse.m2e.core.internal.Bundles - 	Entry: C:\Users\niket\.p2\pool\plugins\org.apache.commons.lang3_3.14.0.jar
2024-05-09 13:59:02,171 [Worker-230: Launching mavenrun-070d7a9c-17a4-48e6-b6d9-4168174514fc] INFO  o.eclipse.m2e.core.internal.Bundles - getClasspathEntries(Bundle=com.google.guava.failureaccess_1.0.2 [15])
2024-05-09 13:59:02,172 [Worker-230: Launching mavenrun-070d7a9c-17a4-48e6-b6d9-4168174514fc] INFO  o.eclipse.m2e.core.internal.Bundles - 	Entry: C:\Users\niket\.p2\pool\plugins\com.google.guava.failureaccess_1.0.2.jar
2024-05-09 13:59:02,174 [Worker-230: Launching mavenrun-070d7a9c-17a4-48e6-b6d9-4168174514fc] INFO  o.e.m.i.launch.MavenLaunchDelegate - Run build in "C:\Users\niket\AppData\Local\Temp\m2e-archetypeGenerator8435022969777349526":
2024-05-09 13:59:02,175 [Worker-230: Launching mavenrun-070d7a9c-17a4-48e6-b6d9-4168174514fc] INFO  o.e.m.i.launch.MavenLaunchDelegate -  mvn  -DarchetypeGroupId=org.apache.maven.archetypes -DarchetypeArtifactId=maven-archetype-quickstart -DarchetypeVersion=1.1 -DgroupId=com.techlabs -DartifactId=spring-demo -Dversion=0.0.1-SNAPSHOT -Dpackage=com.techlabs.spring_demo -DoutputDirectory="D:\swabhav training" -Dstyle.color=always -U archetype:generate
2024-05-09 14:00:10,937 [Worker-239: Creating maven-archetype-quickstart] INFO  o.e.m.c.i.p.ProjectConfigurationManager - Collecting project info '/pom.xml' D:\swabhav training\spring-demo\pom.xml
2024-05-09 14:00:11,320 [Worker-239: Creating maven-archetype-quickstart] INFO  o.e.m.c.i.e.AbstractTransferListenerAdapter - Downloading https://repo.maven.apache.org/maven2/org/apache/maven/plugins/maven-surefire-plugin/3.2.2/maven-surefire-plugin-3.2.2.jar
2024-05-09 14:00:11,363 [Worker-239: Creating maven-archetype-quickstart] INFO  o.e.m.c.i.e.AbstractTransferListenerAdapter - Downloaded https://repo.maven.apache.org/maven2/org/apache/maven/plugins/maven-surefire-plugin/3.2.2/maven-surefire-plugin-3.2.2.jar
2024-05-09 14:00:12,073 [Worker-239: Creating maven-archetype-quickstart] INFO  o.e.m.c.i.l.LifecycleMappingFactory - Using org.eclipse.m2e.jdt.JarLifecycleMapping lifecycle mapping for MavenProject: com.techlabs:spring-demo:0.0.1-SNAPSHOT @ D:\swabhav training\spring-demo\pom.xml.
2024-05-09 14:00:12,123 [Worker-239: Creating maven-archetype-quickstart] INFO  o.e.m.c.i.e.AbstractTransferListenerAdapter - Downloading https://repo.maven.apache.org/maven2/junit/junit/3.8.1/junit-3.8.1.jar
2024-05-09 14:00:12,161 [Worker-239: Creating maven-archetype-quickstart] INFO  o.e.m.c.i.e.AbstractTransferListenerAdapter - Downloaded https://repo.maven.apache.org/maven2/junit/junit/3.8.1/junit-3.8.1.jar
2024-05-09 14:00:12,274 [Worker-239: Creating maven-archetype-quickstart] INFO  o.e.m.c.i.e.AbstractTransferListenerAdapter - Downloading https://repo.maven.apache.org/maven2/org/apache/maven/plugins/maven-surefire-plugin/3.2.2/maven-surefire-plugin-3.2.2.pom
2024-05-09 14:00:12,283 [Worker-239: Creating maven-archetype-quickstart] INFO  o.e.m.c.i.e.AbstractTransferListenerAdapter - Downloaded https://repo.maven.apache.org/maven2/org/apache/maven/plugins/maven-surefire-plugin/3.2.2/maven-surefire-plugin-3.2.2.pom
2024-05-09 14:00:12,332 [Worker-239: Creating maven-archetype-quickstart] INFO  o.e.m.c.i.e.AbstractTransferListenerAdapter - Downloading https://repo.maven.apache.org/maven2/org/apache/maven/surefire/surefire/3.2.2/surefire-3.2.2.pom
2024-05-09 14:00:12,341 [Worker-239: Creating maven-archetype-quickstart] INFO  o.e.m.c.i.e.AbstractTransferListenerAdapter - Downloaded https://repo.maven.apache.org/maven2/org/apache/maven/surefire/surefire/3.2.2/surefire-3.2.2.pom
2024-05-09 14:00:14,020 [Worker-239: Creating maven-archetype-quickstart] INFO  o.e.m.j.i.AbstractJavaProjectConfigurator - Adding source folder /spring-demo/src/main/java
2024-05-09 14:00:14,023 [Worker-239: Creating maven-archetype-quickstart] INFO  o.e.m.j.i.AbstractJavaProjectConfigurator - Adding resource folder /spring-demo/src/main/resources
2024-05-09 14:00:14,028 [Worker-239: Creating maven-archetype-quickstart] INFO  o.e.m.j.i.AbstractJavaProjectConfigurator - Adding source folder /spring-demo/src/test/java
2024-05-09 14:00:14,030 [Worker-239: Creating maven-archetype-quickstart] INFO  o.e.m.j.i.AbstractJavaProjectConfigurator - Adding resource folder /spring-demo/src/test/resources
2024-05-09 14:00:14,166 [Worker-239: Creating maven-archetype-quickstart] INFO  o.e.m.c.i.p.ProjectConfigurationManager - Imported and configured 1 project(s) in 3 sec
2024-05-09 14:00:14,673 [Worker-242: Building] INFO  o.a.m.s.f.DefaultMavenResourcesFiltering - skip non existing resourceDirectory D:\swabhav training\spring-demo\src\main\resources
2024-05-09 14:00:14,694 [Worker-242: Building] INFO  o.a.m.s.f.DefaultMavenResourcesFiltering - skip non existing resourceDirectory D:\swabhav training\spring-demo\src\test\resources
2024-05-09 14:00:14,841 [Worker-240: Download sources and javadoc] INFO  o.e.m.c.i.e.AbstractTransferListenerAdapter - Downloading https://repo.maven.apache.org/maven2/junit/junit/3.8.1/junit-3.8.1-sources.jar
2024-05-09 14:00:14,884 [Worker-240: Download sources and javadoc] INFO  o.e.m.c.i.e.AbstractTransferListenerAdapter - Downloaded https://repo.maven.apache.org/maven2/junit/junit/3.8.1/junit-3.8.1-sources.jar
2024-05-09 14:00:14,891 [Worker-240: Download sources and javadoc] INFO  o.e.m.j.internal.DownloadSourcesJob - Downloaded sources for junit:junit:3.8.1
2024-05-09 14:00:58,619 [Worker-238: Building] INFO  o.a.m.s.f.DefaultMavenResourcesFiltering - skip non existing resourceDirectory D:\swabhav training\spring-demo\src\main\resources
2024-05-09 14:00:58,628 [Worker-238: Building] INFO  o.a.m.s.f.DefaultMavenResourcesFiltering - skip non existing resourceDirectory D:\swabhav training\spring-demo\src\test\resources
2024-05-09 14:01:18,156 [Worker-230: Building] INFO  o.a.m.s.f.DefaultMavenResourcesFiltering - skip non existing resourceDirectory D:\swabhav training\spring-demo\src\main\resources
2024-05-09 14:01:18,160 [Worker-230: Building] INFO  o.a.m.s.f.DefaultMavenResourcesFiltering - skip non existing resourceDirectory D:\swabhav training\spring-demo\src\test\resources
2024-05-09 14:05:48,857 [Worker-244: Building] INFO  o.a.m.s.f.DefaultMavenResourcesFiltering - skip non existing resourceDirectory D:\swabhav training\spring-demo\src\main\resources
2024-05-09 14:05:48,860 [Worker-244: Building] INFO  o.a.m.s.f.DefaultMavenResourcesFiltering - skip non existing resourceDirectory D:\swabhav training\spring-demo\src\test\resources
2024-05-09 14:07:50,100 [Worker-244: Building] INFO  o.a.m.s.f.DefaultMavenResourcesFiltering - skip non existing resourceDirectory D:\swabhav training\spring-demo\src\main\resources
2024-05-09 14:07:50,104 [Worker-244: Building] INFO  o.a.m.s.f.DefaultMavenResourcesFiltering - skip non existing resourceDirectory D:\swabhav training\spring-demo\src\test\resources
2024-05-09 14:08:09,964 [Worker-240: Building] INFO  o.a.m.s.f.DefaultMavenResourcesFiltering - skip non existing resourceDirectory D:\swabhav training\spring-demo\src\main\resources
2024-05-09 14:08:09,968 [Worker-240: Building] INFO  o.a.m.s.f.DefaultMavenResourcesFiltering - skip non existing resourceDirectory D:\swabhav training\spring-demo\src\test\resources
2024-05-09 14:12:44,229 [Worker-244: Building] INFO  o.a.m.s.f.DefaultMavenResourcesFiltering - skip non existing resourceDirectory D:\swabhav training\spring-demo\src\main\resources
2024-05-09 14:12:44,233 [Worker-244: Building] INFO  o.a.m.s.f.DefaultMavenResourcesFiltering - skip non existing resourceDirectory D:\swabhav training\spring-demo\src\test\resources
2024-05-09 14:14:49,688 [Worker-247: Building] INFO  o.e.m.c.i.l.LifecycleMappingFactory - Using org.eclipse.m2e.jdt.JarLifecycleMapping lifecycle mapping for MavenProject: com.techlabs:spring-demo:0.0.1-SNAPSHOT @ D:\swabhav training\spring-demo\pom.xml.
2024-05-09 14:14:49,808 [Worker-247: Building] INFO  o.e.m.c.i.e.AbstractTransferListenerAdapter - Downloading https://repo.maven.apache.org/maven2/org/springframework/spring-core/6.1.6/spring-core-6.1.6.pom
2024-05-09 14:14:49,821 [Worker-247: Building] INFO  o.e.m.c.i.e.AbstractTransferListenerAdapter - Downloaded https://repo.maven.apache.org/maven2/org/springframework/spring-core/6.1.6/spring-core-6.1.6.pom
2024-05-09 14:14:49,848 [Worker-247: Building] INFO  o.e.m.c.i.e.AbstractTransferListenerAdapter - Downloading https://repo.maven.apache.org/maven2/org/springframework/spring-jcl/6.1.6/spring-jcl-6.1.6.pom
2024-05-09 14:14:49,861 [Worker-247: Building] INFO  o.e.m.c.i.e.AbstractTransferListenerAdapter - Downloaded https://repo.maven.apache.org/maven2/org/springframework/spring-jcl/6.1.6/spring-jcl-6.1.6.pom
2024-05-09 14:14:49,898 [Worker-247: Building] INFO  o.e.m.c.i.e.AbstractTransferListenerAdapter - Downloading https://repo.maven.apache.org/maven2/org/springframework/spring-core/6.1.6/spring-core-6.1.6.jar
2024-05-09 14:14:50,222 [Worker-247: Building] INFO  o.e.m.c.i.e.AbstractTransferListenerAdapter - Downloaded https://repo.maven.apache.org/maven2/org/springframework/spring-core/6.1.6/spring-core-6.1.6.jar
2024-05-09 14:14:50,424 [BasicRepositoryConnector-repo.maven.apache.org-0-0] INFO  o.e.m.c.i.e.AbstractTransferListenerAdapter - Downloading https://repo.maven.apache.org/maven2/org/springframework/spring-jcl/6.1.6/spring-jcl-6.1.6.jar
2024-05-09 14:14:50,447 [BasicRepositoryConnector-repo.maven.apache.org-0-0] INFO  o.e.m.c.i.e.AbstractTransferListenerAdapter - Downloaded https://repo.maven.apache.org/maven2/org/springframework/spring-jcl/6.1.6/spring-jcl-6.1.6.jar
2024-05-09 14:14:51,421 [Worker-247: Building] INFO  o.a.m.s.f.DefaultMavenResourcesFiltering - skip non existing resourceDirectory D:\swabhav training\spring-demo\src\main\resources
2024-05-09 14:14:51,435 [Worker-247: Building] INFO  o.a.m.s.f.DefaultMavenResourcesFiltering - skip non existing resourceDirectory D:\swabhav training\spring-demo\src\test\resources
2024-05-09 14:14:51,927 [Worker-246: Download sources and javadoc] INFO  o.e.m.c.i.e.AbstractTransferListenerAdapter - Downloading https://repo.maven.apache.org/maven2/org/springframework/spring-core/6.1.6/spring-core-6.1.6-sources.jar
2024-05-09 14:14:52,099 [Worker-246: Download sources and javadoc] INFO  o.e.m.c.i.e.AbstractTransferListenerAdapter - Downloaded https://repo.maven.apache.org/maven2/org/springframework/spring-core/6.1.6/spring-core-6.1.6-sources.jar
2024-05-09 14:14:52,111 [Worker-246: Download sources and javadoc] INFO  o.e.m.j.internal.DownloadSourcesJob - Downloaded sources for org.springframework:spring-core:6.1.6
2024-05-09 14:14:52,299 [Worker-246: Download sources and javadoc] INFO  o.e.m.c.i.e.AbstractTransferListenerAdapter - Downloading https://repo.maven.apache.org/maven2/org/springframework/spring-jcl/6.1.6/spring-jcl-6.1.6-sources.jar
2024-05-09 14:14:52,319 [Worker-246: Download sources and javadoc] INFO  o.e.m.c.i.e.AbstractTransferListenerAdapter - Downloaded https://repo.maven.apache.org/maven2/org/springframework/spring-jcl/6.1.6/spring-jcl-6.1.6-sources.jar
2024-05-09 14:14:52,335 [Worker-246: Download sources and javadoc] INFO  o.e.m.j.internal.DownloadSourcesJob - Downloaded sources for org.springframework:spring-jcl:6.1.6
2024-05-09 14:14:53,526 [Worker-240: Building] INFO  o.a.m.s.f.DefaultMavenResourcesFiltering - skip non existing resourceDirectory D:\swabhav training\spring-demo\src\main\resources
2024-05-09 14:14:53,532 [Worker-240: Building] INFO  o.a.m.s.f.DefaultMavenResourcesFiltering - skip non existing resourceDirectory D:\swabhav training\spring-demo\src\test\resources
2024-05-09 14:15:21,179 [Worker-244: Building] INFO  o.e.m.c.i.l.LifecycleMappingFactory - Using org.eclipse.m2e.jdt.JarLifecycleMapping lifecycle mapping for MavenProject: com.techlabs:spring-demo:0.0.1-SNAPSHOT @ D:\swabhav training\spring-demo\pom.xml.
2024-05-09 14:15:21,255 [Worker-244: Building] INFO  o.e.m.c.i.e.AbstractTransferListenerAdapter - Downloading https://repo.maven.apache.org/maven2/org/springframework/spring-context/6.1.6/spring-context-6.1.6.pom
2024-05-09 14:15:21,269 [Worker-244: Building] INFO  o.e.m.c.i.e.AbstractTransferListenerAdapter - Downloaded https://repo.maven.apache.org/maven2/org/springframework/spring-context/6.1.6/spring-context-6.1.6.pom
2024-05-09 14:15:21,299 [Worker-244: Building] INFO  o.e.m.c.i.e.AbstractTransferListenerAdapter - Downloading https://repo.maven.apache.org/maven2/org/springframework/spring-aop/6.1.6/spring-aop-6.1.6.pom
2024-05-09 14:15:21,312 [Worker-244: Building] INFO  o.e.m.c.i.e.AbstractTransferListenerAdapter - Downloaded https://repo.maven.apache.org/maven2/org/springframework/spring-aop/6.1.6/spring-aop-6.1.6.pom
2024-05-09 14:15:21,346 [Worker-244: Building] INFO  o.e.m.c.i.e.AbstractTransferListenerAdapter - Downloading https://repo.maven.apache.org/maven2/org/springframework/spring-beans/6.1.6/spring-beans-6.1.6.pom
2024-05-09 14:15:21,359 [Worker-244: Building] INFO  o.e.m.c.i.e.AbstractTransferListenerAdapter - Downloaded https://repo.maven.apache.org/maven2/org/springframework/spring-beans/6.1.6/spring-beans-6.1.6.pom
2024-05-09 14:15:21,391 [Worker-244: Building] INFO  o.e.m.c.i.e.AbstractTransferListenerAdapter - Downloading https://repo.maven.apache.org/maven2/org/springframework/spring-expression/6.1.6/spring-expression-6.1.6.pom
2024-05-09 14:15:21,401 [Worker-244: Building] INFO  o.e.m.c.i.e.AbstractTransferListenerAdapter - Downloaded https://repo.maven.apache.org/maven2/org/springframework/spring-expression/6.1.6/spring-expression-6.1.6.pom
2024-05-09 14:15:21,432 [Worker-244: Building] INFO  o.e.m.c.i.e.AbstractTransferListenerAdapter - Downloading https://repo.maven.apache.org/maven2/io/micrometer/micrometer-observation/1.12.5/micrometer-observation-1.12.5.pom
2024-05-09 14:15:21,445 [Worker-244: Building] INFO  o.e.m.c.i.e.AbstractTransferListenerAdapter - Downloaded https://repo.maven.apache.org/maven2/io/micrometer/micrometer-observation/1.12.5/micrometer-observation-1.12.5.pom
2024-05-09 14:15:21,474 [Worker-244: Building] INFO  o.e.m.c.i.e.AbstractTransferListenerAdapter - Downloading https://repo.maven.apache.org/maven2/io/micrometer/micrometer-commons/1.12.5/micrometer-commons-1.12.5.pom
2024-05-09 14:15:21,486 [Worker-244: Building] INFO  o.e.m.c.i.e.AbstractTransferListenerAdapter - Downloaded https://repo.maven.apache.org/maven2/io/micrometer/micrometer-commons/1.12.5/micrometer-commons-1.12.5.pom
2024-05-09 14:15:21,542 [Worker-244: Building] INFO  o.e.m.c.i.e.AbstractTransferListenerAdapter - Downloading https://repo.maven.apache.org/maven2/org/springframework/spring-context/6.1.6/spring-context-6.1.6.jar
2024-05-09 14:15:21,672 [Worker-244: Building] INFO  o.e.m.c.i.e.AbstractTransferListenerAdapter - Downloaded https://repo.maven.apache.org/maven2/org/springframework/spring-context/6.1.6/spring-context-6.1.6.jar
2024-05-09 14:15:21,716 [BasicRepositoryConnector-repo.maven.apache.org-1-0] INFO  o.e.m.c.i.e.AbstractTransferListenerAdapter - Downloading https://repo.maven.apache.org/maven2/org/springframework/spring-aop/6.1.6/spring-aop-6.1.6.jar
2024-05-09 14:15:21,725 [BasicRepositoryConnector-repo.maven.apache.org-1-3] INFO  o.e.m.c.i.e.AbstractTransferListenerAdapter - Downloading https://repo.maven.apache.org/maven2/io/micrometer/micrometer-observation/1.12.5/micrometer-observation-1.12.5.jar
2024-05-09 14:15:21,746 [BasicRepositoryConnector-repo.maven.apache.org-1-3] INFO  o.e.m.c.i.e.AbstractTransferListenerAdapter - Downloaded https://repo.maven.apache.org/maven2/io/micrometer/micrometer-observation/1.12.5/micrometer-observation-1.12.5.jar
2024-05-09 14:15:21,754 [BasicRepositoryConnector-repo.maven.apache.org-1-1] INFO  o.e.m.c.i.e.AbstractTransferListenerAdapter - Downloading https://repo.maven.apache.org/maven2/org/springframework/spring-beans/6.1.6/spring-beans-6.1.6.jar
2024-05-09 14:15:21,757 [BasicRepositoryConnector-repo.maven.apache.org-1-0] INFO  o.e.m.c.i.e.AbstractTransferListenerAdapter - Downloaded https://repo.maven.apache.org/maven2/org/springframework/spring-aop/6.1.6/spring-aop-6.1.6.jar
2024-05-09 14:15:21,773 [BasicRepositoryConnector-repo.maven.apache.org-1-4] INFO  o.e.m.c.i.e.AbstractTransferListenerAdapter - Downloading https://repo.maven.apache.org/maven2/io/micrometer/micrometer-commons/1.12.5/micrometer-commons-1.12.5.jar
2024-05-09 14:15:21,789 [BasicRepositoryConnector-repo.maven.apache.org-1-4] INFO  o.e.m.c.i.e.AbstractTransferListenerAdapter - Downloaded https://repo.maven.apache.org/maven2/io/micrometer/micrometer-commons/1.12.5/micrometer-commons-1.12.5.jar
2024-05-09 14:15:21,826 [BasicRepositoryConnector-repo.maven.apache.org-1-2] INFO  o.e.m.c.i.e.AbstractTransferListenerAdapter - Downloading https://repo.maven.apache.org/maven2/org/springframework/spring-expression/6.1.6/spring-expression-6.1.6.jar
2024-05-09 14:15:21,838 [BasicRepositoryConnector-repo.maven.apache.org-1-1] INFO  o.e.m.c.i.e.AbstractTransferListenerAdapter - Downloaded https://repo.maven.apache.org/maven2/org/springframework/spring-beans/6.1.6/spring-beans-6.1.6.jar
2024-05-09 14:15:21,873 [BasicRepositoryConnector-repo.maven.apache.org-1-2] INFO  o.e.m.c.i.e.AbstractTransferListenerAdapter - Downloaded https://repo.maven.apache.org/maven2/org/springframework/spring-expression/6.1.6/spring-expression-6.1.6.jar
2024-05-09 14:15:22,254 [Worker-244: Building] INFO  o.a.m.s.f.DefaultMavenResourcesFiltering - skip non existing resourceDirectory D:\swabhav training\spring-demo\src\main\resources
2024-05-09 14:15:22,261 [Worker-244: Building] INFO  o.a.m.s.f.DefaultMavenResourcesFiltering - skip non existing resourceDirectory D:\swabhav training\spring-demo\src\test\resources
2024-05-09 14:15:23,117 [Worker-245: Download sources and javadoc] INFO  o.e.m.c.i.e.AbstractTransferListenerAdapter - Downloading https://repo.maven.apache.org/maven2/org/springframework/spring-context/6.1.6/spring-context-6.1.6-sources.jar
2024-05-09 14:15:23,366 [Worker-245: Download sources and javadoc] INFO  o.e.m.c.i.e.AbstractTransferListenerAdapter - Downloaded https://repo.maven.apache.org/maven2/org/springframework/spring-context/6.1.6/spring-context-6.1.6-sources.jar
2024-05-09 14:15:23,382 [Worker-245: Download sources and javadoc] INFO  o.e.m.j.internal.DownloadSourcesJob - Downloaded sources for org.springframework:spring-context:6.1.6
2024-05-09 14:15:23,469 [Worker-245: Download sources and javadoc] INFO  o.e.m.c.i.e.AbstractTransferListenerAdapter - Downloading https://repo.maven.apache.org/maven2/org/springframework/spring-aop/6.1.6/spring-aop-6.1.6-sources.jar
2024-05-09 14:15:23,526 [Worker-245: Download sources and javadoc] INFO  o.e.m.c.i.e.AbstractTransferListenerAdapter - Downloaded https://repo.maven.apache.org/maven2/org/springframework/spring-aop/6.1.6/spring-aop-6.1.6-sources.jar
2024-05-09 14:15:23,536 [Worker-245: Download sources and javadoc] INFO  o.e.m.j.internal.DownloadSourcesJob - Downloaded sources for org.springframework:spring-aop:6.1.6
2024-05-09 14:15:23,666 [Worker-245: Download sources and javadoc] INFO  o.e.m.c.i.e.AbstractTransferListenerAdapter - Downloading https://repo.maven.apache.org/maven2/org/springframework/spring-beans/6.1.6/spring-beans-6.1.6-sources.jar
2024-05-09 14:15:23,755 [Worker-245: Download sources and javadoc] INFO  o.e.m.c.i.e.AbstractTransferListenerAdapter - Downloaded https://repo.maven.apache.org/maven2/org/springframework/spring-beans/6.1.6/spring-beans-6.1.6-sources.jar
2024-05-09 14:15:23,765 [Worker-245: Download sources and javadoc] INFO  o.e.m.j.internal.DownloadSourcesJob - Downloaded sources for org.springframework:spring-beans:6.1.6
2024-05-09 14:15:23,865 [Worker-245: Download sources and javadoc] INFO  o.e.m.c.i.e.AbstractTransferListenerAdapter - Downloading https://repo.maven.apache.org/maven2/org/springframework/spring-expression/6.1.6/spring-expression-6.1.6-sources.jar
2024-05-09 14:15:23,906 [Worker-245: Download sources and javadoc] INFO  o.e.m.c.i.e.AbstractTransferListenerAdapter - Downloaded https://repo.maven.apache.org/maven2/org/springframework/spring-expression/6.1.6/spring-expression-6.1.6-sources.jar
2024-05-09 14:15:23,916 [Worker-245: Download sources and javadoc] INFO  o.e.m.j.internal.DownloadSourcesJob - Downloaded sources for org.springframework:spring-expression:6.1.6
2024-05-09 14:15:23,967 [Worker-245: Download sources and javadoc] INFO  o.e.m.c.i.e.AbstractTransferListenerAdapter - Downloading https://repo.maven.apache.org/maven2/io/micrometer/micrometer-observation/1.12.5/micrometer-observation-1.12.5-sources.jar
2024-05-09 14:15:24,005 [Worker-245: Download sources and javadoc] INFO  o.e.m.c.i.e.AbstractTransferListenerAdapter - Downloaded https://repo.maven.apache.org/maven2/io/micrometer/micrometer-observation/1.12.5/micrometer-observation-1.12.5-sources.jar
2024-05-09 14:15:24,015 [Worker-245: Download sources and javadoc] INFO  o.e.m.j.internal.DownloadSourcesJob - Downloaded sources for io.micrometer:micrometer-observation:1.12.5
2024-05-09 14:15:24,096 [Worker-245: Download sources and javadoc] INFO  o.e.m.c.i.e.AbstractTransferListenerAdapter - Downloading https://repo.maven.apache.org/maven2/io/micrometer/micrometer-commons/1.12.5/micrometer-commons-1.12.5-sources.jar
2024-05-09 14:15:24,121 [Worker-245: Download sources and javadoc] INFO  o.e.m.c.i.e.AbstractTransferListenerAdapter - Downloaded https://repo.maven.apache.org/maven2/io/micrometer/micrometer-commons/1.12.5/micrometer-commons-1.12.5-sources.jar
2024-05-09 14:15:24,131 [Worker-245: Download sources and javadoc] INFO  o.e.m.j.internal.DownloadSourcesJob - Downloaded sources for io.micrometer:micrometer-commons:1.12.5
2024-05-09 14:15:25,818 [Worker-246: Building] INFO  o.a.m.s.f.DefaultMavenResourcesFiltering - skip non existing resourceDirectory D:\swabhav training\spring-demo\src\main\resources
2024-05-09 14:15:25,825 [Worker-246: Building] INFO  o.a.m.s.f.DefaultMavenResourcesFiltering - skip non existing resourceDirectory D:\swabhav training\spring-demo\src\test\resources
2024-05-09 14:16:12,272 [Worker-240: Building Workspace] INFO  o.a.m.s.f.DefaultMavenResourcesFiltering - skip non existing resourceDirectory D:\swabhav training\spring-demo\src\main\resources
2024-05-09 14:16:12,284 [Worker-240: Building Workspace] INFO  o.a.m.s.f.DefaultMavenResourcesFiltering - skip non existing resourceDirectory D:\swabhav training\spring-demo\src\test\resources
2024-05-09 14:16:50,919 [Worker-240: Building] INFO  o.a.m.s.f.DefaultMavenResourcesFiltering - Copying 0 resource from src\main\resources to target\classes
2024-05-09 14:16:50,946 [Worker-240: Building] INFO  o.a.m.s.f.DefaultMavenResourcesFiltering - skip non existing resourceDirectory D:\swabhav training\spring-demo\src\test\resources
2024-05-09 14:17:17,010 [Worker-248: Building] INFO  o.a.m.s.f.DefaultMavenResourcesFiltering - Copying 1 resource from src\main\resources to target\classes
2024-05-09 14:17:17,020 [Worker-248: Building] INFO  o.a.m.s.f.DefaultMavenResourcesFiltering - skip non existing resourceDirectory D:\swabhav training\spring-demo\src\test\resources
2024-05-09 14:27:04,329 [Worker-254: Building] INFO  o.a.m.s.f.DefaultMavenResourcesFiltering - Copying 1 resource from src\main\resources to target\classes
2024-05-09 14:27:04,339 [Worker-254: Building] INFO  o.a.m.s.f.DefaultMavenResourcesFiltering - skip non existing resourceDirectory D:\swabhav training\spring-demo\src\test\resources
2024-05-09 14:28:02,422 [Worker-255: Building] INFO  o.a.m.s.f.DefaultMavenResourcesFiltering - Copying 1 resource from src\main\resources to target\classes
2024-05-09 14:28:02,433 [Worker-255: Building] INFO  o.a.m.s.f.DefaultMavenResourcesFiltering - skip non existing resourceDirectory D:\swabhav training\spring-demo\src\test\resources
2024-05-09 14:32:18,714 [Worker-258: Building] INFO  o.e.m.c.i.l.LifecycleMappingFactory - Using org.eclipse.m2e.jdt.JarLifecycleMapping lifecycle mapping for MavenProject: com.techlabs:spring-demo:0.0.1-SNAPSHOT @ D:\swabhav training\spring-demo\pom.xml.
2024-05-09 14:32:18,775 [Worker-258: Building] INFO  o.e.m.c.i.e.AbstractTransferListenerAdapter - Downloading https://repo.maven.apache.org/maven2/org/springframework/spring-core/5.3.19/spring-core-5.3.19.pom
2024-05-09 14:32:18,782 [Worker-258: Building] INFO  o.e.m.c.i.e.AbstractTransferListenerAdapter - Downloaded https://repo.maven.apache.org/maven2/org/springframework/spring-core/5.3.19/spring-core-5.3.19.pom
2024-05-09 14:32:18,798 [Worker-258: Building] INFO  o.e.m.c.i.e.AbstractTransferListenerAdapter - Downloading https://repo.maven.apache.org/maven2/org/springframework/spring-jcl/5.3.19/spring-jcl-5.3.19.pom
2024-05-09 14:32:18,804 [Worker-258: Building] INFO  o.e.m.c.i.e.AbstractTransferListenerAdapter - Downloaded https://repo.maven.apache.org/maven2/org/springframework/spring-jcl/5.3.19/spring-jcl-5.3.19.pom
2024-05-09 14:32:18,823 [Worker-258: Building] INFO  o.e.m.c.i.e.AbstractTransferListenerAdapter - Downloading https://repo.maven.apache.org/maven2/org/springframework/spring-context/5.3.19/spring-context-5.3.19.pom
2024-05-09 14:32:18,828 [Worker-258: Building] INFO  o.e.m.c.i.e.AbstractTransferListenerAdapter - Downloaded https://repo.maven.apache.org/maven2/org/springframework/spring-context/5.3.19/spring-context-5.3.19.pom
2024-05-09 14:32:18,854 [Worker-258: Building] INFO  o.e.m.c.i.e.AbstractTransferListenerAdapter - Downloading https://repo.maven.apache.org/maven2/org/springframework/spring-aop/5.3.19/spring-aop-5.3.19.pom
2024-05-09 14:32:18,858 [Worker-258: Building] INFO  o.e.m.c.i.e.AbstractTransferListenerAdapter - Downloaded https://repo.maven.apache.org/maven2/org/springframework/spring-aop/5.3.19/spring-aop-5.3.19.pom
2024-05-09 14:32:18,875 [Worker-258: Building] INFO  o.e.m.c.i.e.AbstractTransferListenerAdapter - Downloading https://repo.maven.apache.org/maven2/org/springframework/spring-beans/5.3.19/spring-beans-5.3.19.pom
2024-05-09 14:32:18,881 [Worker-258: Building] INFO  o.e.m.c.i.e.AbstractTransferListenerAdapter - Downloaded https://repo.maven.apache.org/maven2/org/springframework/spring-beans/5.3.19/spring-beans-5.3.19.pom
2024-05-09 14:32:18,898 [Worker-258: Building] INFO  o.e.m.c.i.e.AbstractTransferListenerAdapter - Downloading https://repo.maven.apache.org/maven2/org/springframework/spring-expression/5.3.19/spring-expression-5.3.19.pom
2024-05-09 14:32:18,904 [Worker-258: Building] INFO  o.e.m.c.i.e.AbstractTransferListenerAdapter - Downloaded https://repo.maven.apache.org/maven2/org/springframework/spring-expression/5.3.19/spring-expression-5.3.19.pom
2024-05-09 14:32:18,929 [Worker-258: Building] INFO  o.e.m.c.i.e.AbstractTransferListenerAdapter - Downloading https://repo.maven.apache.org/maven2/org/springframework/spring-core/5.3.19/spring-core-5.3.19.jar
2024-05-09 14:32:19,010 [Worker-258: Building] INFO  o.e.m.c.i.e.AbstractTransferListenerAdapter - Downloaded https://repo.maven.apache.org/maven2/org/springframework/spring-core/5.3.19/spring-core-5.3.19.jar
2024-05-09 14:32:19,018 [BasicRepositoryConnector-repo.maven.apache.org-2-1] INFO  o.e.m.c.i.e.AbstractTransferListenerAdapter - Downloading https://repo.maven.apache.org/maven2/org/springframework/spring-context/5.3.19/spring-context-5.3.19.jar
2024-05-09 14:32:19,078 [BasicRepositoryConnector-repo.maven.apache.org-2-1] INFO  o.e.m.c.i.e.AbstractTransferListenerAdapter - Downloaded https://repo.maven.apache.org/maven2/org/springframework/spring-context/5.3.19/spring-context-5.3.19.jar
2024-05-09 14:32:19,090 [BasicRepositoryConnector-repo.maven.apache.org-2-0] INFO  o.e.m.c.i.e.AbstractTransferListenerAdapter - Downloading https://repo.maven.apache.org/maven2/org/springframework/spring-jcl/5.3.19/spring-jcl-5.3.19.jar
2024-05-09 14:32:19,090 [BasicRepositoryConnector-repo.maven.apache.org-2-2] INFO  o.e.m.c.i.e.AbstractTransferListenerAdapter - Downloading https://repo.maven.apache.org/maven2/org/springframework/spring-aop/5.3.19/spring-aop-5.3.19.jar
2024-05-09 14:32:19,091 [BasicRepositoryConnector-repo.maven.apache.org-2-4] INFO  o.e.m.c.i.e.AbstractTransferListenerAdapter - Downloading https://repo.maven.apache.org/maven2/org/springframework/spring-expression/5.3.19/spring-expression-5.3.19.jar
2024-05-09 14:32:19,096 [BasicRepositoryConnector-repo.maven.apache.org-2-0] INFO  o.e.m.c.i.e.AbstractTransferListenerAdapter - Downloaded https://repo.maven.apache.org/maven2/org/springframework/spring-jcl/5.3.19/spring-jcl-5.3.19.jar
2024-05-09 14:32:19,103 [BasicRepositoryConnector-repo.maven.apache.org-2-3] INFO  o.e.m.c.i.e.AbstractTransferListenerAdapter - Downloading https://repo.maven.apache.org/maven2/org/springframework/spring-beans/5.3.19/spring-beans-5.3.19.jar
2024-05-09 14:32:19,151 [BasicRepositoryConnector-repo.maven.apache.org-2-4] INFO  o.e.m.c.i.e.AbstractTransferListenerAdapter - Downloaded https://repo.maven.apache.org/maven2/org/springframework/spring-expression/5.3.19/spring-expression-5.3.19.jar
2024-05-09 14:32:19,166 [BasicRepositoryConnector-repo.maven.apache.org-2-2] INFO  o.e.m.c.i.e.AbstractTransferListenerAdapter - Downloaded https://repo.maven.apache.org/maven2/org/springframework/spring-aop/5.3.19/spring-aop-5.3.19.jar
2024-05-09 14:32:19,173 [BasicRepositoryConnector-repo.maven.apache.org-2-3] INFO  o.e.m.c.i.e.AbstractTransferListenerAdapter - Downloaded https://repo.maven.apache.org/maven2/org/springframework/spring-beans/5.3.19/spring-beans-5.3.19.jar
2024-05-09 14:32:19,357 [Worker-258: Building] INFO  o.a.m.s.f.DefaultMavenResourcesFiltering - Copying 0 resource from src\main\resources to target\classes
2024-05-09 14:32:19,361 [Worker-258: Building] INFO  o.a.m.s.f.DefaultMavenResourcesFiltering - skip non existing resourceDirectory D:\swabhav training\spring-demo\src\test\resources
2024-05-09 14:32:20,338 [Worker-255: Download sources and javadoc] INFO  o.e.m.c.i.e.AbstractTransferListenerAdapter - Downloading https://repo.maven.apache.org/maven2/org/springframework/spring-core/5.3.19/spring-core-5.3.19-sources.jar
2024-05-09 14:32:20,441 [Worker-255: Download sources and javadoc] INFO  o.e.m.c.i.e.AbstractTransferListenerAdapter - Downloaded https://repo.maven.apache.org/maven2/org/springframework/spring-core/5.3.19/spring-core-5.3.19-sources.jar
2024-05-09 14:32:20,447 [Worker-255: Download sources and javadoc] INFO  o.e.m.j.internal.DownloadSourcesJob - Downloaded sources for org.springframework:spring-core:5.3.19
2024-05-09 14:32:20,507 [Worker-255: Download sources and javadoc] INFO  o.e.m.c.i.e.AbstractTransferListenerAdapter - Downloading https://repo.maven.apache.org/maven2/org/springframework/spring-jcl/5.3.19/spring-jcl-5.3.19-sources.jar
2024-05-09 14:32:20,513 [Worker-255: Download sources and javadoc] INFO  o.e.m.c.i.e.AbstractTransferListenerAdapter - Downloaded https://repo.maven.apache.org/maven2/org/springframework/spring-jcl/5.3.19/spring-jcl-5.3.19-sources.jar
2024-05-09 14:32:20,519 [Worker-255: Download sources and javadoc] INFO  o.e.m.j.internal.DownloadSourcesJob - Downloaded sources for org.springframework:spring-jcl:5.3.19
2024-05-09 14:32:20,635 [Worker-255: Download sources and javadoc] INFO  o.e.m.c.i.e.AbstractTransferListenerAdapter - Downloading https://repo.maven.apache.org/maven2/org/springframework/spring-context/5.3.19/spring-context-5.3.19-sources.jar
2024-05-09 14:32:20,793 [Worker-255: Download sources and javadoc] INFO  o.e.m.c.i.e.AbstractTransferListenerAdapter - Downloaded https://repo.maven.apache.org/maven2/org/springframework/spring-context/5.3.19/spring-context-5.3.19-sources.jar
2024-05-09 14:32:20,799 [Worker-255: Download sources and javadoc] INFO  o.e.m.j.internal.DownloadSourcesJob - Downloaded sources for org.springframework:spring-context:5.3.19
2024-05-09 14:32:20,926 [Worker-255: Download sources and javadoc] INFO  o.e.m.c.i.e.AbstractTransferListenerAdapter - Downloading https://repo.maven.apache.org/maven2/org/springframework/spring-aop/5.3.19/spring-aop-5.3.19-sources.jar
2024-05-09 14:32:20,987 [Worker-255: Download sources and javadoc] INFO  o.e.m.c.i.e.AbstractTransferListenerAdapter - Downloaded https://repo.maven.apache.org/maven2/org/springframework/spring-aop/5.3.19/spring-aop-5.3.19-sources.jar
2024-05-09 14:32:20,992 [Worker-255: Download sources and javadoc] INFO  o.e.m.j.internal.DownloadSourcesJob - Downloaded sources for org.springframework:spring-aop:5.3.19
2024-05-09 14:32:21,047 [Worker-255: Download sources and javadoc] INFO  o.e.m.c.i.e.AbstractTransferListenerAdapter - Downloading https://repo.maven.apache.org/maven2/org/springframework/spring-beans/5.3.19/spring-beans-5.3.19-sources.jar
2024-05-09 14:32:21,130 [Worker-255: Download sources and javadoc] INFO  o.e.m.c.i.e.AbstractTransferListenerAdapter - Downloaded https://repo.maven.apache.org/maven2/org/springframework/spring-beans/5.3.19/spring-beans-5.3.19-sources.jar
2024-05-09 14:32:21,135 [Worker-255: Download sources and javadoc] INFO  o.e.m.j.internal.DownloadSourcesJob - Downloaded sources for org.springframework:spring-beans:5.3.19
2024-05-09 14:32:21,179 [Worker-258: Building] INFO  o.a.m.s.f.DefaultMavenResourcesFiltering - Copying 1 resource from src\main\resources to target\classes
2024-05-09 14:32:21,187 [Worker-258: Building] INFO  o.a.m.s.f.DefaultMavenResourcesFiltering - skip non existing resourceDirectory D:\swabhav training\spring-demo\src\test\resources
2024-05-09 14:32:21,200 [Worker-255: Download sources and javadoc] INFO  o.e.m.c.i.e.AbstractTransferListenerAdapter - Downloading https://repo.maven.apache.org/maven2/org/springframework/spring-expression/5.3.19/spring-expression-5.3.19-sources.jar
2024-05-09 14:32:21,240 [Worker-255: Download sources and javadoc] INFO  o.e.m.c.i.e.AbstractTransferListenerAdapter - Downloaded https://repo.maven.apache.org/maven2/org/springframework/spring-expression/5.3.19/spring-expression-5.3.19-sources.jar
2024-05-09 14:32:21,245 [Worker-255: Download sources and javadoc] INFO  o.e.m.j.internal.DownloadSourcesJob - Downloaded sources for org.springframework:spring-expression:5.3.19
2024-05-09 14:33:25,916 [Worker-258: Building] INFO  o.a.m.s.f.DefaultMavenResourcesFiltering - Copying 1 resource from src\main\resources to target\classes
2024-05-09 14:33:25,920 [Worker-258: Building] INFO  o.a.m.s.f.DefaultMavenResourcesFiltering - skip non existing resourceDirectory D:\swabhav training\spring-demo\src\test\resources
2024-05-09 14:36:55,533 [Worker-255: Building] INFO  o.a.m.s.f.DefaultMavenResourcesFiltering - Copying 1 resource from src\main\resources to target\classes
2024-05-09 14:36:55,537 [Worker-255: Building] INFO  o.a.m.s.f.DefaultMavenResourcesFiltering - skip non existing resourceDirectory D:\swabhav training\spring-demo\src\test\resources
2024-05-09 14:37:09,601 [Worker-260: Building] INFO  o.a.m.s.f.DefaultMavenResourcesFiltering - Copying 1 resource from src\main\resources to target\classes
2024-05-09 14:37:09,605 [Worker-260: Building] INFO  o.a.m.s.f.DefaultMavenResourcesFiltering - skip non existing resourceDirectory D:\swabhav training\spring-demo\src\test\resources
2024-05-09 14:38:48,776 [Worker-258: Building] INFO  o.a.m.s.f.DefaultMavenResourcesFiltering - Copying 1 resource from src\main\resources to target\classes
2024-05-09 14:38:48,781 [Worker-258: Building] INFO  o.a.m.s.f.DefaultMavenResourcesFiltering - skip non existing resourceDirectory D:\swabhav training\spring-demo\src\test\resources
2024-05-09 14:39:09,057 [Worker-258: Building] INFO  o.a.m.s.f.DefaultMavenResourcesFiltering - Copying 1 resource from src\main\resources to target\classes
2024-05-09 14:39:09,065 [Worker-258: Building] INFO  o.a.m.s.f.DefaultMavenResourcesFiltering - skip non existing resourceDirectory D:\swabhav training\spring-demo\src\test\resources
2024-05-09 14:39:40,469 [Worker-259: Building] INFO  o.a.m.s.f.DefaultMavenResourcesFiltering - Copying 1 resource from src\main\resources to target\classes
2024-05-09 14:39:40,480 [Worker-259: Building] INFO  o.a.m.s.f.DefaultMavenResourcesFiltering - skip non existing resourceDirectory D:\swabhav training\spring-demo\src\test\resources
2024-05-09 15:22:48,725 [Worker-267: Building] INFO  o.a.m.s.f.DefaultMavenResourcesFiltering - Copying 1 resource from src\main\resources to target\classes
2024-05-09 15:22:48,734 [Worker-267: Building] INFO  o.a.m.s.f.DefaultMavenResourcesFiltering - skip non existing resourceDirectory D:\swabhav training\spring-demo\src\test\resources
2024-05-09 15:22:59,507 [Worker-267: Building] INFO  o.a.m.s.f.DefaultMavenResourcesFiltering - Copying 1 resource from src\main\resources to target\classes
2024-05-09 15:22:59,532 [Worker-267: Building] INFO  o.a.m.s.f.DefaultMavenResourcesFiltering - skip non existing resourceDirectory D:\swabhav training\spring-demo\src\test\resources
2024-05-09 15:23:31,358 [Worker-271: Building] INFO  o.a.m.s.f.DefaultMavenResourcesFiltering - Copying 0 resource from src\main\resources to target\classes
2024-05-09 15:23:31,362 [Worker-271: Building] INFO  o.a.m.s.f.DefaultMavenResourcesFiltering - skip non existing resourceDirectory D:\swabhav training\spring-demo\src\test\resources
2024-05-09 16:22:23,814 [Worker-272: Launching mavenrun-7a328a9b-4bdc-49f4-81de-8e0493b63bf8] INFO  o.eclipse.m2e.core.internal.Bundles - getClasspathEntries(Bundle=org.eclipse.m2e.maven.runtime_3.9.600.20231203-1234 [635])
2024-05-09 16:22:23,816 [Worker-272: Launching mavenrun-7a328a9b-4bdc-49f4-81de-8e0493b63bf8] INFO  o.eclipse.m2e.core.internal.Bundles - 	Entry: C:\Users\niket\.p2\pool\plugins\org.eclipse.m2e.maven.runtime_3.9.600.20231203-1234
2024-05-09 16:22:23,816 [Worker-272: Launching mavenrun-7a328a9b-4bdc-49f4-81de-8e0493b63bf8] INFO  o.eclipse.m2e.core.internal.Bundles - 	Entry: C:\Users\niket\.p2\pool\plugins\org.eclipse.m2e.maven.runtime_3.9.600.20231203-1234\jars\aopalliance-1.0.jar
2024-05-09 16:22:23,816 [Worker-272: Launching mavenrun-7a328a9b-4bdc-49f4-81de-8e0493b63bf8] INFO  o.eclipse.m2e.core.internal.Bundles - 	Entry: C:\Users\niket\.p2\pool\plugins\org.eclipse.m2e.maven.runtime_3.9.600.20231203-1234\jars\guice-5.1.0.jar
2024-05-09 16:22:23,817 [Worker-272: Launching mavenrun-7a328a9b-4bdc-49f4-81de-8e0493b63bf8] INFO  o.eclipse.m2e.core.internal.Bundles - 	Entry: C:\Users\niket\.p2\pool\plugins\org.eclipse.m2e.maven.runtime_3.9.600.20231203-1234\jars\httpclient-4.5.14.jar
2024-05-09 16:22:23,817 [Worker-272: Launching mavenrun-7a328a9b-4bdc-49f4-81de-8e0493b63bf8] INFO  o.eclipse.m2e.core.internal.Bundles - 	Entry: C:\Users\niket\.p2\pool\plugins\org.eclipse.m2e.maven.runtime_3.9.600.20231203-1234\jars\httpcore-4.4.16.jar
2024-05-09 16:22:23,817 [Worker-272: Launching mavenrun-7a328a9b-4bdc-49f4-81de-8e0493b63bf8] INFO  o.eclipse.m2e.core.internal.Bundles - 	Entry: C:\Users\niket\.p2\pool\plugins\org.eclipse.m2e.maven.runtime_3.9.600.20231203-1234\jars\jansi-2.4.0.jar
2024-05-09 16:22:23,817 [Worker-272: Launching mavenrun-7a328a9b-4bdc-49f4-81de-8e0493b63bf8] INFO  o.eclipse.m2e.core.internal.Bundles - 	Entry: C:\Users\niket\.p2\pool\plugins\org.eclipse.m2e.maven.runtime_3.9.600.20231203-1234\jars\jcl-over-slf4j-1.7.36.jar
2024-05-09 16:22:23,819 [Worker-272: Launching mavenrun-7a328a9b-4bdc-49f4-81de-8e0493b63bf8] INFO  o.eclipse.m2e.core.internal.Bundles - 	Entry: C:\Users\niket\.p2\pool\plugins\org.eclipse.m2e.maven.runtime_3.9.600.20231203-1234\jars\maven-artifact-3.9.6.jar
2024-05-09 16:22:23,819 [Worker-272: Launching mavenrun-7a328a9b-4bdc-49f4-81de-8e0493b63bf8] INFO  o.eclipse.m2e.core.internal.Bundles - 	Entry: C:\Users\niket\.p2\pool\plugins\org.eclipse.m2e.maven.runtime_3.9.600.20231203-1234\jars\maven-builder-support-3.9.6.jar
2024-05-09 16:22:23,820 [Worker-272: Launching mavenrun-7a328a9b-4bdc-49f4-81de-8e0493b63bf8] INFO  o.eclipse.m2e.core.internal.Bundles - 	Entry: C:\Users\niket\.p2\pool\plugins\org.eclipse.m2e.maven.runtime_3.9.600.20231203-1234\jars\maven-compat-3.9.6.jar
2024-05-09 16:22:23,820 [Worker-272: Launching mavenrun-7a328a9b-4bdc-49f4-81de-8e0493b63bf8] INFO  o.eclipse.m2e.core.internal.Bundles - 	Entry: C:\Users\niket\.p2\pool\plugins\org.eclipse.m2e.maven.runtime_3.9.600.20231203-1234\jars\maven-core-3.9.6.jar
2024-05-09 16:22:23,820 [Worker-272: Launching mavenrun-7a328a9b-4bdc-49f4-81de-8e0493b63bf8] INFO  o.eclipse.m2e.core.internal.Bundles - 	Entry: C:\Users\niket\.p2\pool\plugins\org.eclipse.m2e.maven.runtime_3.9.600.20231203-1234\jars\maven-embedder-3.9.6.jar
2024-05-09 16:22:23,821 [Worker-272: Launching mavenrun-7a328a9b-4bdc-49f4-81de-8e0493b63bf8] INFO  o.eclipse.m2e.core.internal.Bundles - 	Entry: C:\Users\niket\.p2\pool\plugins\org.eclipse.m2e.maven.runtime_3.9.600.20231203-1234\jars\maven-model-3.9.6.jar
2024-05-09 16:22:23,821 [Worker-272: Launching mavenrun-7a328a9b-4bdc-49f4-81de-8e0493b63bf8] INFO  o.eclipse.m2e.core.internal.Bundles - 	Entry: C:\Users\niket\.p2\pool\plugins\org.eclipse.m2e.maven.runtime_3.9.600.20231203-1234\jars\maven-model-builder-3.9.6.jar
2024-05-09 16:22:23,821 [Worker-272: Launching mavenrun-7a328a9b-4bdc-49f4-81de-8e0493b63bf8] INFO  o.eclipse.m2e.core.internal.Bundles - 	Entry: C:\Users\niket\.p2\pool\plugins\org.eclipse.m2e.maven.runtime_3.9.600.20231203-1234\jars\maven-plugin-api-3.9.6.jar
2024-05-09 16:22:23,822 [Worker-272: Launching mavenrun-7a328a9b-4bdc-49f4-81de-8e0493b63bf8] INFO  o.eclipse.m2e.core.internal.Bundles - 	Entry: C:\Users\niket\.p2\pool\plugins\org.eclipse.m2e.maven.runtime_3.9.600.20231203-1234\jars\maven-repository-metadata-3.9.6.jar
2024-05-09 16:22:23,822 [Worker-272: Launching mavenrun-7a328a9b-4bdc-49f4-81de-8e0493b63bf8] INFO  o.eclipse.m2e.core.internal.Bundles - 	Entry: C:\Users\niket\.p2\pool\plugins\org.eclipse.m2e.maven.runtime_3.9.600.20231203-1234\jars\maven-resolver-api-1.9.18.jar
2024-05-09 16:22:23,822 [Worker-272: Launching mavenrun-7a328a9b-4bdc-49f4-81de-8e0493b63bf8] INFO  o.eclipse.m2e.core.internal.Bundles - 	Entry: C:\Users\niket\.p2\pool\plugins\org.eclipse.m2e.maven.runtime_3.9.600.20231203-1234\jars\maven-resolver-connector-basic-1.9.18.jar
2024-05-09 16:22:23,822 [Worker-272: Launching mavenrun-7a328a9b-4bdc-49f4-81de-8e0493b63bf8] INFO  o.eclipse.m2e.core.internal.Bundles - 	Entry: C:\Users\niket\.p2\pool\plugins\org.eclipse.m2e.maven.runtime_3.9.600.20231203-1234\jars\maven-resolver-impl-1.9.18.jar
2024-05-09 16:22:23,823 [Worker-272: Launching mavenrun-7a328a9b-4bdc-49f4-81de-8e0493b63bf8] INFO  o.eclipse.m2e.core.internal.Bundles - 	Entry: C:\Users\niket\.p2\pool\plugins\org.eclipse.m2e.maven.runtime_3.9.600.20231203-1234\jars\maven-resolver-named-locks-1.9.18.jar
2024-05-09 16:22:23,823 [Worker-272: Launching mavenrun-7a328a9b-4bdc-49f4-81de-8e0493b63bf8] INFO  o.eclipse.m2e.core.internal.Bundles - 	Entry: C:\Users\niket\.p2\pool\plugins\org.eclipse.m2e.maven.runtime_3.9.600.20231203-1234\jars\maven-resolver-provider-3.9.6.jar
2024-05-09 16:22:23,823 [Worker-272: Launching mavenrun-7a328a9b-4bdc-49f4-81de-8e0493b63bf8] INFO  o.eclipse.m2e.core.internal.Bundles - 	Entry: C:\Users\niket\.p2\pool\plugins\org.eclipse.m2e.maven.runtime_3.9.600.20231203-1234\jars\maven-resolver-spi-1.9.18.jar
2024-05-09 16:22:23,824 [Worker-272: Launching mavenrun-7a328a9b-4bdc-49f4-81de-8e0493b63bf8] INFO  o.eclipse.m2e.core.internal.Bundles - 	Entry: C:\Users\niket\.p2\pool\plugins\org.eclipse.m2e.maven.runtime_3.9.600.20231203-1234\jars\maven-resolver-transport-file-1.9.18.jar
2024-05-09 16:22:23,824 [Worker-272: Launching mavenrun-7a328a9b-4bdc-49f4-81de-8e0493b63bf8] INFO  o.eclipse.m2e.core.internal.Bundles - 	Entry: C:\Users\niket\.p2\pool\plugins\org.eclipse.m2e.maven.runtime_3.9.600.20231203-1234\jars\maven-resolver-transport-http-1.9.18.jar
2024-05-09 16:22:23,824 [Worker-272: Launching mavenrun-7a328a9b-4bdc-49f4-81de-8e0493b63bf8] INFO  o.eclipse.m2e.core.internal.Bundles - 	Entry: C:\Users\niket\.p2\pool\plugins\org.eclipse.m2e.maven.runtime_3.9.600.20231203-1234\jars\maven-resolver-transport-wagon-1.9.18.jar
2024-05-09 16:22:23,825 [Worker-272: Launching mavenrun-7a328a9b-4bdc-49f4-81de-8e0493b63bf8] INFO  o.eclipse.m2e.core.internal.Bundles - 	Entry: C:\Users\niket\.p2\pool\plugins\org.eclipse.m2e.maven.runtime_3.9.600.20231203-1234\jars\maven-resolver-util-1.9.18.jar
2024-05-09 16:22:23,825 [Worker-272: Launching mavenrun-7a328a9b-4bdc-49f4-81de-8e0493b63bf8] INFO  o.eclipse.m2e.core.internal.Bundles - 	Entry: C:\Users\niket\.p2\pool\plugins\org.eclipse.m2e.maven.runtime_3.9.600.20231203-1234\jars\maven-settings-3.9.6.jar
2024-05-09 16:22:23,825 [Worker-272: Launching mavenrun-7a328a9b-4bdc-49f4-81de-8e0493b63bf8] INFO  o.eclipse.m2e.core.internal.Bundles - 	Entry: C:\Users\niket\.p2\pool\plugins\org.eclipse.m2e.maven.runtime_3.9.600.20231203-1234\jars\maven-settings-builder-3.9.6.jar
2024-05-09 16:22:23,826 [Worker-272: Launching mavenrun-7a328a9b-4bdc-49f4-81de-8e0493b63bf8] INFO  o.eclipse.m2e.core.internal.Bundles - 	Entry: C:\Users\niket\.p2\pool\plugins\org.eclipse.m2e.maven.runtime_3.9.600.20231203-1234\jars\maven-shared-utils-3.3.4.jar
2024-05-09 16:22:23,826 [Worker-272: Launching mavenrun-7a328a9b-4bdc-49f4-81de-8e0493b63bf8] INFO  o.eclipse.m2e.core.internal.Bundles - 	Entry: C:\Users\niket\.p2\pool\plugins\org.eclipse.m2e.maven.runtime_3.9.600.20231203-1234\jars\org.eclipse.sisu.inject-0.9.0.M2.jar
2024-05-09 16:22:23,826 [Worker-272: Launching mavenrun-7a328a9b-4bdc-49f4-81de-8e0493b63bf8] INFO  o.eclipse.m2e.core.internal.Bundles - 	Entry: C:\Users\niket\.p2\pool\plugins\org.eclipse.m2e.maven.runtime_3.9.600.20231203-1234\jars\org.eclipse.sisu.plexus-0.9.0.M2.jar
2024-05-09 16:22:23,827 [Worker-272: Launching mavenrun-7a328a9b-4bdc-49f4-81de-8e0493b63bf8] INFO  o.eclipse.m2e.core.internal.Bundles - 	Entry: C:\Users\niket\.p2\pool\plugins\org.eclipse.m2e.maven.runtime_3.9.600.20231203-1234\jars\plexus-build-api-0.0.7.jar
2024-05-09 16:22:23,827 [Worker-272: Launching mavenrun-7a328a9b-4bdc-49f4-81de-8e0493b63bf8] INFO  o.eclipse.m2e.core.internal.Bundles - 	Entry: C:\Users\niket\.p2\pool\plugins\org.eclipse.m2e.maven.runtime_3.9.600.20231203-1234\jars\plexus-cipher-2.0.jar
2024-05-09 16:22:23,827 [Worker-272: Launching mavenrun-7a328a9b-4bdc-49f4-81de-8e0493b63bf8] INFO  o.eclipse.m2e.core.internal.Bundles - 	Entry: C:\Users\niket\.p2\pool\plugins\org.eclipse.m2e.maven.runtime_3.9.600.20231203-1234\jars\plexus-classworlds-2.7.0.jar
2024-05-09 16:22:23,827 [Worker-272: Launching mavenrun-7a328a9b-4bdc-49f4-81de-8e0493b63bf8] INFO  o.eclipse.m2e.core.internal.Bundles - 	Entry: C:\Users\niket\.p2\pool\plugins\org.eclipse.m2e.maven.runtime_3.9.600.20231203-1234\jars\plexus-component-annotations-2.1.0.jar
2024-05-09 16:22:23,828 [Worker-272: Launching mavenrun-7a328a9b-4bdc-49f4-81de-8e0493b63bf8] INFO  o.eclipse.m2e.core.internal.Bundles - 	Entry: C:\Users\niket\.p2\pool\plugins\org.eclipse.m2e.maven.runtime_3.9.600.20231203-1234\jars\plexus-interpolation-1.26.jar
2024-05-09 16:22:23,828 [Worker-272: Launching mavenrun-7a328a9b-4bdc-49f4-81de-8e0493b63bf8] INFO  o.eclipse.m2e.core.internal.Bundles - 	Entry: C:\Users\niket\.p2\pool\plugins\org.eclipse.m2e.maven.runtime_3.9.600.20231203-1234\jars\plexus-sec-dispatcher-2.0.jar
2024-05-09 16:22:23,828 [Worker-272: Launching mavenrun-7a328a9b-4bdc-49f4-81de-8e0493b63bf8] INFO  o.eclipse.m2e.core.internal.Bundles - 	Entry: C:\Users\niket\.p2\pool\plugins\org.eclipse.m2e.maven.runtime_3.9.600.20231203-1234\jars\plexus-utils-3.5.1.jar
2024-05-09 16:22:23,828 [Worker-272: Launching mavenrun-7a328a9b-4bdc-49f4-81de-8e0493b63bf8] INFO  o.eclipse.m2e.core.internal.Bundles - 	Entry: C:\Users\niket\.p2\pool\plugins\org.eclipse.m2e.maven.runtime_3.9.600.20231203-1234\jars\wagon-file-3.5.3.jar
2024-05-09 16:22:23,829 [Worker-272: Launching mavenrun-7a328a9b-4bdc-49f4-81de-8e0493b63bf8] INFO  o.eclipse.m2e.core.internal.Bundles - 	Entry: C:\Users\niket\.p2\pool\plugins\org.eclipse.m2e.maven.runtime_3.9.600.20231203-1234\jars\wagon-http-3.5.3.jar
2024-05-09 16:22:23,829 [Worker-272: Launching mavenrun-7a328a9b-4bdc-49f4-81de-8e0493b63bf8] INFO  o.eclipse.m2e.core.internal.Bundles - 	Entry: C:\Users\niket\.p2\pool\plugins\org.eclipse.m2e.maven.runtime_3.9.600.20231203-1234\jars\wagon-http-shared-3.5.3.jar
2024-05-09 16:22:23,829 [Worker-272: Launching mavenrun-7a328a9b-4bdc-49f4-81de-8e0493b63bf8] INFO  o.eclipse.m2e.core.internal.Bundles - 	Entry: C:\Users\niket\.p2\pool\plugins\org.eclipse.m2e.maven.runtime_3.9.600.20231203-1234\jars\wagon-provider-api-3.5.3.jar
2024-05-09 16:22:23,829 [Worker-272: Launching mavenrun-7a328a9b-4bdc-49f4-81de-8e0493b63bf8] INFO  o.eclipse.m2e.core.internal.Bundles - getClasspathEntries(Bundle=com.google.guava_33.0.0.jre [14])
2024-05-09 16:22:23,830 [Worker-272: Launching mavenrun-7a328a9b-4bdc-49f4-81de-8e0493b63bf8] INFO  o.eclipse.m2e.core.internal.Bundles - 	Entry: C:\Users\niket\.p2\pool\plugins\com.google.guava_33.0.0.jre.jar
2024-05-09 16:22:23,830 [Worker-272: Launching mavenrun-7a328a9b-4bdc-49f4-81de-8e0493b63bf8] INFO  o.eclipse.m2e.core.internal.Bundles - getClasspathEntries(Bundle=slf4j.api_2.0.12 [998])
2024-05-09 16:22:23,830 [Worker-272: Launching mavenrun-7a328a9b-4bdc-49f4-81de-8e0493b63bf8] INFO  o.eclipse.m2e.core.internal.Bundles - 	Entry: C:\Users\niket\.p2\pool\plugins\slf4j.api_2.0.12.jar
2024-05-09 16:22:23,831 [Worker-272: Launching mavenrun-7a328a9b-4bdc-49f4-81de-8e0493b63bf8] INFO  o.eclipse.m2e.core.internal.Bundles - getClasspathEntries(Bundle=jakarta.inject.jakarta.inject-api_1.0.5 [32])
2024-05-09 16:22:23,831 [Worker-272: Launching mavenrun-7a328a9b-4bdc-49f4-81de-8e0493b63bf8] INFO  o.eclipse.m2e.core.internal.Bundles - 	Entry: C:\Users\niket\.p2\pool\plugins\jakarta.inject.jakarta.inject-api_1.0.5.jar
2024-05-09 16:22:23,831 [Worker-272: Launching mavenrun-7a328a9b-4bdc-49f4-81de-8e0493b63bf8] INFO  o.eclipse.m2e.core.internal.Bundles - getClasspathEntries(Bundle=jakarta.annotation-api_1.3.5 [27])
2024-05-09 16:22:23,832 [Worker-272: Launching mavenrun-7a328a9b-4bdc-49f4-81de-8e0493b63bf8] INFO  o.eclipse.m2e.core.internal.Bundles - 	Entry: C:\Users\niket\.p2\pool\plugins\jakarta.annotation-api_1.3.5.jar
2024-05-09 16:22:23,832 [Worker-272: Launching mavenrun-7a328a9b-4bdc-49f4-81de-8e0493b63bf8] INFO  o.eclipse.m2e.core.internal.Bundles - getClasspathEntries(Bundle=org.apache.commons.cli_1.6.0 [75])
2024-05-09 16:22:23,832 [Worker-272: Launching mavenrun-7a328a9b-4bdc-49f4-81de-8e0493b63bf8] INFO  o.eclipse.m2e.core.internal.Bundles - 	Entry: C:\Users\niket\.p2\pool\plugins\org.apache.commons.cli_1.6.0.jar
2024-05-09 16:22:23,832 [Worker-272: Launching mavenrun-7a328a9b-4bdc-49f4-81de-8e0493b63bf8] INFO  o.eclipse.m2e.core.internal.Bundles - getClasspathEntries(Bundle=org.apache.commons.commons-codec_1.16.0 [78])
2024-05-09 16:22:23,833 [Worker-272: Launching mavenrun-7a328a9b-4bdc-49f4-81de-8e0493b63bf8] INFO  o.eclipse.m2e.core.internal.Bundles - 	Entry: C:\Users\niket\.p2\pool\plugins\org.apache.commons.commons-codec_1.16.0.jar
2024-05-09 16:22:23,833 [Worker-272: Launching mavenrun-7a328a9b-4bdc-49f4-81de-8e0493b63bf8] INFO  o.eclipse.m2e.core.internal.Bundles - getClasspathEntries(Bundle=org.apache.commons.lang3_3.14.0 [86])
2024-05-09 16:22:23,834 [Worker-272: Launching mavenrun-7a328a9b-4bdc-49f4-81de-8e0493b63bf8] INFO  o.eclipse.m2e.core.internal.Bundles - 	Entry: C:\Users\niket\.p2\pool\plugins\org.apache.commons.lang3_3.14.0.jar
2024-05-09 16:22:23,834 [Worker-272: Launching mavenrun-7a328a9b-4bdc-49f4-81de-8e0493b63bf8] INFO  o.eclipse.m2e.core.internal.Bundles - getClasspathEntries(Bundle=com.google.guava.failureaccess_1.0.2 [15])
2024-05-09 16:22:23,834 [Worker-272: Launching mavenrun-7a328a9b-4bdc-49f4-81de-8e0493b63bf8] INFO  o.eclipse.m2e.core.internal.Bundles - 	Entry: C:\Users\niket\.p2\pool\plugins\com.google.guava.failureaccess_1.0.2.jar
2024-05-09 16:22:23,835 [Worker-272: Launching mavenrun-7a328a9b-4bdc-49f4-81de-8e0493b63bf8] INFO  o.e.m.i.launch.MavenLaunchDelegate - Run build in "C:\Users\niket\AppData\Local\Temp\m2e-archetypeGenerator9861736207279466730":
2024-05-09 16:22:23,865 [Worker-272: Launching mavenrun-7a328a9b-4bdc-49f4-81de-8e0493b63bf8] INFO  o.e.m.i.launch.MavenLaunchDelegate -  mvn  -DarchetypeGroupId=org.apache.maven.archetypes -DarchetypeArtifactId=maven-archetype-quickstart -DarchetypeVersion=1.1 -DgroupId=com.techlabs -DartifactId=spring -Dversion=0.0.1-SNAPSHOT -Dpackage=com.techlabs.spring -DoutputDirectory="D:\swabhav training" -Dstyle.color=always -U archetype:generate
2024-05-09 16:22:51,420 [Worker-274: Creating maven-archetype-quickstart] INFO  o.e.m.c.i.p.ProjectConfigurationManager - Collecting project info '/pom.xml' D:\swabhav training\spring\pom.xml
2024-05-09 16:22:51,501 [Worker-274: Creating maven-archetype-quickstart] INFO  o.e.m.c.i.l.LifecycleMappingFactory - Using org.eclipse.m2e.jdt.JarLifecycleMapping lifecycle mapping for MavenProject: com.techlabs:spring:0.0.1-SNAPSHOT @ D:\swabhav training\spring\pom.xml.
2024-05-09 16:22:51,888 [Worker-274: Creating maven-archetype-quickstart] INFO  o.e.m.j.i.AbstractJavaProjectConfigurator - Adding source folder /spring/src/main/java
2024-05-09 16:22:51,889 [Worker-274: Creating maven-archetype-quickstart] INFO  o.e.m.j.i.AbstractJavaProjectConfigurator - Adding resource folder /spring/src/main/resources
2024-05-09 16:22:51,891 [Worker-274: Creating maven-archetype-quickstart] INFO  o.e.m.j.i.AbstractJavaProjectConfigurator - Adding source folder /spring/src/test/java
2024-05-09 16:22:51,892 [Worker-274: Creating maven-archetype-quickstart] INFO  o.e.m.j.i.AbstractJavaProjectConfigurator - Adding resource folder /spring/src/test/resources
2024-05-09 16:22:51,939 [Worker-274: Creating maven-archetype-quickstart] INFO  o.e.m.c.i.p.ProjectConfigurationManager - Imported and configured 1 project(s) in 0 sec
2024-05-09 16:22:52,379 [Worker-273: Building] INFO  o.a.m.s.f.DefaultMavenResourcesFiltering - skip non existing resourceDirectory D:\swabhav training\spring\src\main\resources
2024-05-09 16:22:52,382 [Worker-273: Building] INFO  o.a.m.s.f.DefaultMavenResourcesFiltering - skip non existing resourceDirectory D:\swabhav training\spring\src\test\resources
2024-05-09 16:23:14,467 [Worker-274: Building] INFO  o.a.m.s.f.DefaultMavenResourcesFiltering - skip non existing resourceDirectory D:\swabhav training\spring\src\main\resources
2024-05-09 16:23:14,469 [Worker-274: Building] INFO  o.a.m.s.f.DefaultMavenResourcesFiltering - skip non existing resourceDirectory D:\swabhav training\spring\src\test\resources
2024-05-09 16:23:14,500 [Worker-274: Building] INFO  o.a.m.s.f.DefaultMavenResourcesFiltering - Copying 1 resource from src\main\resources to target\classes
2024-05-09 16:23:14,505 [Worker-274: Building] INFO  o.a.m.s.f.DefaultMavenResourcesFiltering - skip non existing resourceDirectory D:\swabhav training\spring-demo\src\test\resources
2024-05-09 16:23:59,373 [Worker-275: Building] INFO  o.e.m.c.i.l.LifecycleMappingFactory - Using org.eclipse.m2e.jdt.JarLifecycleMapping lifecycle mapping for MavenProject: com.techlabs:spring:0.0.1-SNAPSHOT @ D:\swabhav training\spring\pom.xml.
2024-05-09 16:23:59,444 [Worker-275: Building] INFO  o.a.m.s.f.DefaultMavenResourcesFiltering - skip non existing resourceDirectory D:\swabhav training\spring\src\main\resources
2024-05-09 16:23:59,446 [Worker-275: Building] INFO  o.a.m.s.f.DefaultMavenResourcesFiltering - skip non existing resourceDirectory D:\swabhav training\spring\src\test\resources
2024-05-09 16:24:00,717 [Worker-275: Building] INFO  o.a.m.s.f.DefaultMavenResourcesFiltering - skip non existing resourceDirectory D:\swabhav training\spring\src\main\resources
2024-05-09 16:24:00,721 [Worker-275: Building] INFO  o.a.m.s.f.DefaultMavenResourcesFiltering - skip non existing resourceDirectory D:\swabhav training\spring\src\test\resources
2024-05-09 16:24:31,775 [Worker-274: Building] INFO  o.a.m.s.f.DefaultMavenResourcesFiltering - skip non existing resourceDirectory D:\swabhav training\spring\src\main\resources
2024-05-09 16:24:31,781 [Worker-274: Building] INFO  o.a.m.s.f.DefaultMavenResourcesFiltering - skip non existing resourceDirectory D:\swabhav training\spring\src\test\resources
2024-05-09 16:25:06,774 [Worker-275: Building] INFO  o.a.m.s.f.DefaultMavenResourcesFiltering - skip non existing resourceDirectory D:\swabhav training\spring\src\main\resources
2024-05-09 16:25:06,777 [Worker-275: Building] INFO  o.a.m.s.f.DefaultMavenResourcesFiltering - skip non existing resourceDirectory D:\swabhav training\spring\src\test\resources
2024-05-09 16:25:21,563 [Worker-275: Building] INFO  o.a.m.s.f.DefaultMavenResourcesFiltering - skip non existing resourceDirectory D:\swabhav training\spring\src\main\resources
2024-05-09 16:25:21,567 [Worker-275: Building] INFO  o.a.m.s.f.DefaultMavenResourcesFiltering - skip non existing resourceDirectory D:\swabhav training\spring\src\test\resources
2024-05-09 16:25:49,440 [Worker-273: Building] INFO  o.a.m.s.f.DefaultMavenResourcesFiltering - skip non existing resourceDirectory D:\swabhav training\spring\src\main\resources
2024-05-09 16:25:49,443 [Worker-273: Building] INFO  o.a.m.s.f.DefaultMavenResourcesFiltering - skip non existing resourceDirectory D:\swabhav training\spring\src\test\resources
2024-05-09 16:27:36,798 [Worker-276: Building] INFO  o.a.m.s.f.DefaultMavenResourcesFiltering - skip non existing resourceDirectory D:\swabhav training\spring\src\main\resources
2024-05-09 16:27:36,800 [Worker-276: Building] INFO  o.a.m.s.f.DefaultMavenResourcesFiltering - skip non existing resourceDirectory D:\swabhav training\spring\src\test\resources
2024-05-09 16:27:52,367 [Worker-268: Building] INFO  o.a.m.s.f.DefaultMavenResourcesFiltering - skip non existing resourceDirectory D:\swabhav training\spring\src\main\resources
2024-05-09 16:27:52,369 [Worker-268: Building] INFO  o.a.m.s.f.DefaultMavenResourcesFiltering - skip non existing resourceDirectory D:\swabhav training\spring\src\test\resources
2024-05-09 16:28:07,876 [Worker-273: Building] INFO  o.a.m.s.f.DefaultMavenResourcesFiltering - skip non existing resourceDirectory D:\swabhav training\spring\src\main\resources
2024-05-09 16:28:07,879 [Worker-273: Building] INFO  o.a.m.s.f.DefaultMavenResourcesFiltering - skip non existing resourceDirectory D:\swabhav training\spring\src\test\resources
2024-05-09 16:28:19,158 [Worker-274: Building] INFO  o.a.m.s.f.DefaultMavenResourcesFiltering - skip non existing resourceDirectory D:\swabhav training\spring\src\main\resources
2024-05-09 16:28:19,162 [Worker-274: Building] INFO  o.a.m.s.f.DefaultMavenResourcesFiltering - skip non existing resourceDirectory D:\swabhav training\spring\src\test\resources
2024-05-09 16:28:33,083 [Worker-275: Building] INFO  o.a.m.s.f.DefaultMavenResourcesFiltering - skip non existing resourceDirectory D:\swabhav training\spring\src\main\resources
2024-05-09 16:28:33,085 [Worker-275: Building] INFO  o.a.m.s.f.DefaultMavenResourcesFiltering - skip non existing resourceDirectory D:\swabhav training\spring\src\test\resources
2024-05-09 16:29:11,726 [Worker-276: Building] INFO  o.a.m.s.f.DefaultMavenResourcesFiltering - skip non existing resourceDirectory D:\swabhav training\spring\src\main\resources
2024-05-09 16:29:11,728 [Worker-276: Building] INFO  o.a.m.s.f.DefaultMavenResourcesFiltering - skip non existing resourceDirectory D:\swabhav training\spring\src\test\resources
2024-05-09 16:29:28,621 [Worker-275: Building] INFO  o.a.m.s.f.DefaultMavenResourcesFiltering - skip non existing resourceDirectory D:\swabhav training\spring\src\main\resources
2024-05-09 16:29:28,623 [Worker-275: Building] INFO  o.a.m.s.f.DefaultMavenResourcesFiltering - skip non existing resourceDirectory D:\swabhav training\spring\src\test\resources
2024-05-09 16:30:22,635 [Worker-272: Building] INFO  o.a.m.s.f.DefaultMavenResourcesFiltering - skip non existing resourceDirectory D:\swabhav training\spring\src\main\resources
2024-05-09 16:30:22,637 [Worker-272: Building] INFO  o.a.m.s.f.DefaultMavenResourcesFiltering - skip non existing resourceDirectory D:\swabhav training\spring\src\test\resources
2024-05-09 16:30:31,128 [Worker-275: Building] INFO  o.a.m.s.f.DefaultMavenResourcesFiltering - skip non existing resourceDirectory D:\swabhav training\spring\src\main\resources
2024-05-09 16:30:31,131 [Worker-275: Building] INFO  o.a.m.s.f.DefaultMavenResourcesFiltering - skip non existing resourceDirectory D:\swabhav training\spring\src\test\resources
2024-05-10 00:35:42,183 [Worker-0: Loading available Gradle versions] INFO  o.e.b.c.i.u.g.PublishedGradleVersions - Gradle version information cache is out-of-date. Trying to update.
2024-05-10 17:11:51,690 [Worker-0: Loading available Gradle versions] INFO  o.e.b.c.i.u.g.PublishedGradleVersions - Gradle version information cache is up-to-date. Trying to read.
2024-05-10 20:56:17,111 [Worker-1: Loading available Gradle versions] INFO  o.e.b.c.i.u.g.PublishedGradleVersions - Gradle version information cache is up-to-date. Trying to read.
2024-05-11 11:52:23,931 [Worker-0: Loading available Gradle versions] INFO  o.e.b.c.i.u.g.PublishedGradleVersions - Gradle version information cache is out-of-date. Trying to update.
2024-05-11 11:52:24,698 [Worker-0: Loading available Gradle versions] INFO  o.e.b.c.i.u.g.PublishedGradleVersions - Updating Gradle version information cache failed. Using outdated cache.
2024-05-13 13:51:14,769 [Worker-0: Loading available Gradle versions] INFO  o.e.b.c.i.u.g.PublishedGradleVersions - Gradle version information cache is out-of-date. Trying to update.
2024-05-13 13:51:15,433 [Worker-0: Loading available Gradle versions] INFO  o.e.b.c.i.u.g.PublishedGradleVersions - Updating Gradle version information cache failed. Using outdated cache.
